{"/home/travis/build/npmtest/node-npmtest-cordova-plugin-file/test.js":{"path":"/home/travis/build/npmtest/node-npmtest-cordova-plugin-file/test.js","s":{"1":2,"2":2,"3":2,"4":2,"5":2,"6":2,"7":2,"8":1,"9":2,"10":2,"11":1,"12":1,"13":1,"14":1,"15":2,"16":2,"17":2,"18":2,"19":1,"20":1,"21":2,"22":2,"23":2,"24":1,"25":1,"26":1,"27":1,"28":1,"29":1,"30":1,"31":1,"32":1,"33":1,"34":1,"35":1,"36":1,"37":1,"38":1,"39":2,"40":2,"41":1,"42":2,"43":2,"44":1,"45":2,"46":2,"47":1,"48":2,"49":2,"50":1,"51":1,"52":1,"53":1,"54":1},"b":{"1":[2,1,1,1],"2":[1,1,1,1],"3":[1,1],"4":[1,1],"5":[1,1],"6":[1,1],"7":[1,1],"8":[1,1],"9":[1,1],"10":[1,1,1],"11":[1,1],"12":[1,1],"13":[1,1],"14":[1,1],"15":[1,1],"16":[1,1],"17":[1,1]},"f":{"1":2,"2":2,"3":2,"4":2,"5":2,"6":1,"7":1,"8":1,"9":2,"10":2,"11":2,"12":2,"13":1},"fnMap":{"1":{"name":"(anonymous_1)","line":12,"loc":{"start":{"line":12,"column":1},"end":{"line":12,"column":13}}},"2":{"name":"(anonymous_2)","line":19,"loc":{"start":{"line":19,"column":5},"end":{"line":19,"column":17}}},"3":{"name":"(anonymous_3)","line":23,"loc":{"start":{"line":23,"column":24},"end":{"line":23,"column":36}}},"4":{"name":"(anonymous_4)","line":61,"loc":{"start":{"line":61,"column":5},"end":{"line":61,"column":17}}},"5":{"name":"(anonymous_5)","line":82,"loc":{"start":{"line":82,"column":5},"end":{"line":82,"column":17}}},"6":{"name":"(anonymous_6)","line":91,"loc":{"start":{"line":91,"column":77},"end":{"line":94,"column":10}}},"7":{"name":"(anonymous_7)","line":112,"loc":{"start":{"line":112,"column":83},"end":{"line":115,"column":10}},"skip":true},"8":{"name":"(anonymous_8)","line":123,"loc":{"start":{"line":123,"column":77},"end":{"line":126,"column":10}},"skip":true},"9":{"name":"(anonymous_9)","line":139,"loc":{"start":{"line":139,"column":12},"end":{"line":139,"column":40}},"skip":true},"10":{"name":"(anonymous_10)","line":147,"loc":{"start":{"line":147,"column":77},"end":{"line":150,"column":10}},"skip":true},"11":{"name":"(anonymous_11)","line":158,"loc":{"start":{"line":158,"column":83},"end":{"line":161,"column":10}},"skip":true},"12":{"name":"(anonymous_12)","line":169,"loc":{"start":{"line":169,"column":79},"end":{"line":172,"column":10}},"skip":true},"13":{"name":"(anonymous_13)","line":180,"loc":{"start":{"line":180,"column":75},"end":{"line":183,"column":10}},"skip":true}},"statementMap":{"1":{"start":{"line":12,"column":0},"end":{"line":195,"column":5}},"2":{"start":{"line":14,"column":4},"end":{"line":14,"column":14}},"3":{"start":{"line":19,"column":4},"end":{"line":56,"column":9}},"4":{"start":{"line":21,"column":8},"end":{"line":21,"column":19}},"5":{"start":{"line":23,"column":8},"end":{"line":35,"column":13}},"6":{"start":{"line":24,"column":12},"end":{"line":34,"column":13}},"7":{"start":{"line":25,"column":16},"end":{"line":28,"column":30}},"8":{"start":{"line":30,"column":16},"end":{"line":33,"column":27}},"9":{"start":{"line":37,"column":8},"end":{"line":39,"column":21}},"10":{"start":{"line":40,"column":8},"end":{"line":53,"column":9}},"11":{"start":{"line":43,"column":12},"end":{"line":46,"column":14}},"12":{"start":{"line":47,"column":12},"end":{"line":47,"column":18}},"13":{"start":{"line":50,"column":12},"end":{"line":51,"column":33}},"14":{"start":{"line":52,"column":12},"end":{"line":52,"column":18}},"15":{"start":{"line":55,"column":8},"end":{"line":55,"column":35}},"16":{"start":{"line":61,"column":4},"end":{"line":63,"column":9}},"17":{"start":{"line":62,"column":8},"end":{"line":62,"column":15}},"18":{"start":{"line":64,"column":4},"end":{"line":77,"column":5}},"19":{"start":{"line":70,"column":8},"end":{"line":70,"column":14}},"20":{"start":{"line":76,"column":8},"end":{"line":76,"column":14}},"21":{"start":{"line":82,"column":4},"end":{"line":84,"column":9}},"22":{"start":{"line":83,"column":8},"end":{"line":83,"column":15}},"23":{"start":{"line":85,"column":4},"end":{"line":194,"column":5}},"24":{"start":{"line":91,"column":8},"end":{"line":99,"column":10}},"25":{"start":{"line":98,"column":12},"end":{"line":98,"column":35}},"26":{"start":{"line":102,"column":8},"end":{"line":104,"column":63}},"27":{"start":{"line":105,"column":8},"end":{"line":105,"column":14}},"28":{"start":{"line":112,"column":8},"end":{"line":121,"column":10},"skip":true},"29":{"start":{"line":119,"column":12},"end":{"line":119,"column":55},"skip":true},"30":{"start":{"line":120,"column":12},"end":{"line":120,"column":48},"skip":true},"31":{"start":{"line":123,"column":8},"end":{"line":136,"column":10},"skip":true},"32":{"start":{"line":130,"column":12},"end":{"line":130,"column":76},"skip":true},"33":{"start":{"line":131,"column":12},"end":{"line":131,"column":73},"skip":true},"34":{"start":{"line":132,"column":12},"end":{"line":132,"column":74},"skip":true},"35":{"start":{"line":133,"column":12},"end":{"line":133,"column":79},"skip":true},"36":{"start":{"line":134,"column":12},"end":{"line":134,"column":25},"skip":true},"37":{"start":{"line":135,"column":12},"end":{"line":135,"column":45},"skip":true},"38":{"start":{"line":138,"column":8},"end":{"line":145,"column":14},"skip":true},"39":{"start":{"line":143,"column":16},"end":{"line":143,"column":29},"skip":true},"40":{"start":{"line":144,"column":16},"end":{"line":144,"column":55},"skip":true},"41":{"start":{"line":147,"column":8},"end":{"line":156,"column":10},"skip":true},"42":{"start":{"line":154,"column":12},"end":{"line":154,"column":25},"skip":true},"43":{"start":{"line":155,"column":12},"end":{"line":155,"column":45},"skip":true},"44":{"start":{"line":158,"column":8},"end":{"line":167,"column":10},"skip":true},"45":{"start":{"line":165,"column":12},"end":{"line":165,"column":25},"skip":true},"46":{"start":{"line":166,"column":12},"end":{"line":166,"column":48},"skip":true},"47":{"start":{"line":169,"column":8},"end":{"line":178,"column":10},"skip":true},"48":{"start":{"line":176,"column":12},"end":{"line":176,"column":25},"skip":true},"49":{"start":{"line":177,"column":12},"end":{"line":177,"column":46},"skip":true},"50":{"start":{"line":180,"column":8},"end":{"line":189,"column":10},"skip":true},"51":{"start":{"line":187,"column":12},"end":{"line":187,"column":94},"skip":true},"52":{"start":{"line":188,"column":12},"end":{"line":188,"column":48},"skip":true},"53":{"start":{"line":192,"column":8},"end":{"line":192,"column":35},"skip":true},"54":{"start":{"line":193,"column":8},"end":{"line":193,"column":14},"skip":true}},"branchMap":{"1":{"line":25,"type":"binary-expr","locations":[{"start":{"line":25,"column":23},"end":{"line":25,"column":62}},{"start":{"line":26,"column":20},"end":{"line":26,"column":70}},{"start":{"line":27,"column":20},"end":{"line":27,"column":71}},{"start":{"line":28,"column":20},"end":{"line":28,"column":29}}]},"2":{"line":30,"type":"binary-expr","locations":[{"start":{"line":30,"column":23},"end":{"line":30,"column":37}},{"start":{"line":31,"column":20},"end":{"line":31,"column":61}},{"start":{"line":32,"column":20},"end":{"line":32,"column":70}},{"start":{"line":33,"column":20},"end":{"line":33,"column":26}}]},"3":{"line":37,"type":"cond-expr","locations":[{"start":{"line":38,"column":14},"end":{"line":38,"column":20}},{"start":{"line":39,"column":14},"end":{"line":39,"column":20}}]},"4":{"line":40,"type":"switch","locations":[{"start":{"line":42,"column":8},"end":{"line":47,"column":18}},{"start":{"line":49,"column":8},"end":{"line":52,"column":18}}]},"5":{"line":44,"type":"binary-expr","locations":[{"start":{"line":44,"column":16},"end":{"line":44,"column":44}},{"start":{"line":44,"column":48},"end":{"line":44,"column":66}}]},"6":{"line":50,"type":"binary-expr","locations":[{"start":{"line":50,"column":21},"end":{"line":50,"column":49}},{"start":{"line":50,"column":53},"end":{"line":50,"column":72}}]},"7":{"line":64,"type":"switch","locations":[{"start":{"line":69,"column":4},"end":{"line":70,"column":14}},{"start":{"line":75,"column":4},"end":{"line":76,"column":14}}]},"8":{"line":85,"type":"switch","locations":[{"start":{"line":90,"column":4},"end":{"line":105,"column":14}},{"start":{"line":111,"column":4},"end":{"line":193,"column":14},"skip":true}]},"9":{"line":91,"type":"binary-expr","locations":[{"start":{"line":91,"column":42},"end":{"line":91,"column":73}},{"start":{"line":91,"column":77},"end":{"line":99,"column":9}}]},"10":{"line":102,"type":"binary-expr","locations":[{"start":{"line":102,"column":18},"end":{"line":102,"column":32}},{"start":{"line":103,"column":12},"end":{"line":103,"column":53}},{"start":{"line":104,"column":12},"end":{"line":104,"column":61}}]},"11":{"line":112,"type":"binary-expr","locations":[{"start":{"line":112,"column":45},"end":{"line":112,"column":79},"skip":true},{"start":{"line":112,"column":83},"end":{"line":121,"column":9},"skip":true}]},"12":{"line":123,"type":"binary-expr","locations":[{"start":{"line":123,"column":42},"end":{"line":123,"column":73},"skip":true},{"start":{"line":123,"column":77},"end":{"line":136,"column":9},"skip":true}]},"13":{"line":138,"type":"binary-expr","locations":[{"start":{"line":138,"column":48},"end":{"line":138,"column":85},"skip":true},{"start":{"line":139,"column":12},"end":{"line":145,"column":13},"skip":true}]},"14":{"line":147,"type":"binary-expr","locations":[{"start":{"line":147,"column":42},"end":{"line":147,"column":73},"skip":true},{"start":{"line":147,"column":77},"end":{"line":156,"column":9},"skip":true}]},"15":{"line":158,"type":"binary-expr","locations":[{"start":{"line":158,"column":45},"end":{"line":158,"column":79},"skip":true},{"start":{"line":158,"column":83},"end":{"line":167,"column":9},"skip":true}]},"16":{"line":169,"type":"binary-expr","locations":[{"start":{"line":169,"column":43},"end":{"line":169,"column":75},"skip":true},{"start":{"line":169,"column":79},"end":{"line":178,"column":9},"skip":true}]},"17":{"line":180,"type":"binary-expr","locations":[{"start":{"line":180,"column":41},"end":{"line":180,"column":71},"skip":true},{"start":{"line":180,"column":75},"end":{"line":189,"column":9},"skip":true}]}},"code":["/* istanbul instrument in package npmtest_cordova_plugin_file */","/*jslint","    bitwise: true,","    browser: true,","    maxerr: 8,","    maxlen: 96,","    node: true,","    nomen: true,","    regexp: true,","    stupid: true","*/","(function () {","    'use strict';","    var local;","","","","    // run shared js-env code - init-before","    (function () {","        // init local","        local = {};","        // init modeJs","        local.modeJs = (function () {","            try {","                return typeof navigator.userAgent === 'string' &&","                    typeof document.querySelector('body') === 'object' &&","                    typeof XMLHttpRequest.prototype.open === 'function' &&","                    'browser';","            } catch (errorCaughtBrowser) {","                return module.exports &&","                    typeof process.versions.node === 'string' &&","                    typeof require('http').createServer === 'function' &&","                    'node';","            }","        }());","        // init global","        local.global = local.modeJs === 'browser'","            ? window","            : global;","        switch (local.modeJs) {","        // re-init local from window.local","        case 'browser':","            local = local.global.utility2.objectSetDefault(","                local.global.utility2_rollup || local.global.local,","                local.global.utility2","            );","            break;","        // re-init local from example.js","        case 'node':","            local = (local.global.utility2_rollup || require('utility2'))","                .requireReadme();","            break;","        }","        // export local","        local.global.local = local;","    }());","","","","    // run shared js-env code - function","    (function () {","        return;","    }());","    switch (local.modeJs) {","","","","    // run browser js-env code - function","    case 'browser':","        break;","","","","    // run node js-env code - function","    case 'node':","        break;","    }","","","","    // run shared js-env code - init-after","    (function () {","        return;","    }());","    switch (local.modeJs) {","","","","    // run browser js-env code - init-after","    case 'browser':","        local.testCase_browser_nullCase = local.testCase_browser_nullCase || function (","            options,","            onError","        ) {","        /*","         * this function will test browsers's null-case handling-behavior-behavior","         */","            onError(null, options);","        };","","        // run tests","        local.nop(local.modeTest &&","            document.querySelector('#testRunButton1') &&","            document.querySelector('#testRunButton1').click());","        break;","","","","    // run node js-env code - init-after","    /* istanbul ignore next */","    case 'node':","        local.testCase_buildApidoc_default = local.testCase_buildApidoc_default || function (","            options,","            onError","        ) {","        /*","         * this function will test buildApidoc's default handling-behavior-behavior","         */","            options = { modulePathList: module.paths };","            local.buildApidoc(options, onError);","        };","","        local.testCase_buildApp_default = local.testCase_buildApp_default || function (","            options,","            onError","        ) {","        /*","         * this function will test buildApp's default handling-behavior-behavior","         */","            local.testCase_buildReadme_default(options, local.onErrorThrow);","            local.testCase_buildLib_default(options, local.onErrorThrow);","            local.testCase_buildTest_default(options, local.onErrorThrow);","            local.testCase_buildCustomOrg_default(options, local.onErrorThrow);","            options = [];","            local.buildApp(options, onError);","        };","","        local.testCase_buildCustomOrg_default = local.testCase_buildCustomOrg_default ||","            function (options, onError) {","            /*","             * this function will test buildCustomOrg's default handling-behavior","             */","                options = {};","                local.buildCustomOrg(options, onError);","            };","","        local.testCase_buildLib_default = local.testCase_buildLib_default || function (","            options,","            onError","        ) {","        /*","         * this function will test buildLib's default handling-behavior","         */","            options = {};","            local.buildLib(options, onError);","        };","","        local.testCase_buildReadme_default = local.testCase_buildReadme_default || function (","            options,","            onError","        ) {","        /*","         * this function will test buildReadme's default handling-behavior-behavior","         */","            options = {};","            local.buildReadme(options, onError);","        };","","        local.testCase_buildTest_default = local.testCase_buildTest_default || function (","            options,","            onError","        ) {","        /*","         * this function will test buildTest's default handling-behavior","         */","            options = {};","            local.buildTest(options, onError);","        };","","        local.testCase_webpage_default = local.testCase_webpage_default || function (","            options,","            onError","        ) {","        /*","         * this function will test webpage's default handling-behavior","         */","            options = { modeCoverageMerge: true, url: local.serverLocalHost + '?modeTest=1' };","            local.browserTest(options, onError);","        };","","        // run test-server","        local.testRunServer(local);","        break;","    }","}());",""],"l":{"12":2,"14":2,"19":2,"21":2,"23":2,"24":2,"25":2,"30":1,"37":2,"40":2,"43":1,"47":1,"50":1,"52":1,"55":2,"61":2,"62":2,"64":2,"70":1,"76":1,"82":2,"83":2,"85":2,"91":1,"98":1,"102":1,"105":1,"112":1,"119":1,"120":1,"123":1,"130":1,"131":1,"132":1,"133":1,"134":1,"135":1,"138":1,"143":2,"144":2,"147":1,"154":2,"155":2,"158":1,"165":2,"166":2,"169":1,"176":2,"177":2,"180":1,"187":1,"188":1,"192":1,"193":1}},"/home/travis/build/npmtest/node-npmtest-cordova-plugin-file/lib.npmtest_cordova_plugin_file.js":{"path":"/home/travis/build/npmtest/node-npmtest-cordova-plugin-file/lib.npmtest_cordova_plugin_file.js","s":{"1":2,"2":2,"3":2,"4":2,"5":2,"6":2,"7":2,"8":1,"9":2,"10":2,"11":2,"12":2,"13":1,"14":1,"15":1,"16":1},"b":{"1":[2,1,1,1],"2":[1,1,1,1],"3":[1,1],"4":[2,2],"5":[1,1]},"f":{"1":2,"2":2,"3":2},"fnMap":{"1":{"name":"(anonymous_1)","line":12,"loc":{"start":{"line":12,"column":1},"end":{"line":12,"column":13}}},"2":{"name":"(anonymous_2)","line":19,"loc":{"start":{"line":19,"column":5},"end":{"line":19,"column":17}}},"3":{"name":"(anonymous_3)","line":23,"loc":{"start":{"line":23,"column":24},"end":{"line":23,"column":36}}}},"statementMap":{"1":{"start":{"line":12,"column":0},"end":{"line":53,"column":5}},"2":{"start":{"line":14,"column":4},"end":{"line":14,"column":14}},"3":{"start":{"line":19,"column":4},"end":{"line":52,"column":9}},"4":{"start":{"line":21,"column":8},"end":{"line":21,"column":19}},"5":{"start":{"line":23,"column":8},"end":{"line":35,"column":13}},"6":{"start":{"line":24,"column":12},"end":{"line":34,"column":13}},"7":{"start":{"line":25,"column":16},"end":{"line":28,"column":30}},"8":{"start":{"line":30,"column":16},"end":{"line":33,"column":27}},"9":{"start":{"line":37,"column":8},"end":{"line":39,"column":21}},"10":{"start":{"line":41,"column":8},"end":{"line":41,"column":54}},"11":{"start":{"line":43,"column":8},"end":{"line":43,"column":64}},"12":{"start":{"line":45,"column":8},"end":{"line":51,"column":9}},"13":{"start":{"line":46,"column":12},"end":{"line":46,"column":70}},"14":{"start":{"line":48,"column":12},"end":{"line":48,"column":35}},"15":{"start":{"line":49,"column":12},"end":{"line":49,"column":49}},"16":{"start":{"line":50,"column":12},"end":{"line":50,"column":43}}},"branchMap":{"1":{"line":25,"type":"binary-expr","locations":[{"start":{"line":25,"column":23},"end":{"line":25,"column":62}},{"start":{"line":26,"column":20},"end":{"line":26,"column":70}},{"start":{"line":27,"column":20},"end":{"line":27,"column":71}},{"start":{"line":28,"column":20},"end":{"line":28,"column":29}}]},"2":{"line":30,"type":"binary-expr","locations":[{"start":{"line":30,"column":23},"end":{"line":30,"column":37}},{"start":{"line":31,"column":20},"end":{"line":31,"column":61}},{"start":{"line":32,"column":20},"end":{"line":32,"column":70}},{"start":{"line":33,"column":20},"end":{"line":33,"column":26}}]},"3":{"line":37,"type":"cond-expr","locations":[{"start":{"line":38,"column":14},"end":{"line":38,"column":20}},{"start":{"line":39,"column":14},"end":{"line":39,"column":20}}]},"4":{"line":41,"type":"binary-expr","locations":[{"start":{"line":41,"column":16},"end":{"line":41,"column":44}},{"start":{"line":41,"column":48},"end":{"line":41,"column":53}}]},"5":{"line":45,"type":"if","locations":[{"start":{"line":45,"column":8},"end":{"line":45,"column":8}},{"start":{"line":45,"column":8},"end":{"line":45,"column":8}}]}},"code":["/* istanbul instrument in package npmtest_cordova_plugin_file */","/*jslint","    bitwise: true,","    browser: true,","    maxerr: 8,","    maxlen: 96,","    node: true,","    nomen: true,","    regexp: true,","    stupid: true","*/","(function () {","    'use strict';","    var local;","","","","    // run shared js-env code - init-before","    (function () {","        // init local","        local = {};","        // init modeJs","        local.modeJs = (function () {","            try {","                return typeof navigator.userAgent === 'string' &&","                    typeof document.querySelector('body') === 'object' &&","                    typeof XMLHttpRequest.prototype.open === 'function' &&","                    'browser';","            } catch (errorCaughtBrowser) {","                return module.exports &&","                    typeof process.versions.node === 'string' &&","                    typeof require('http').createServer === 'function' &&","                    'node';","            }","        }());","        // init global","        local.global = local.modeJs === 'browser'","            ? window","            : global;","        // init utility2_rollup","        local = local.global.utility2_rollup || local;","        // init lib","        local.local = local.npmtest_cordova_plugin_file = local;","        // init exports","        if (local.modeJs === 'browser') {","            local.global.utility2_npmtest_cordova_plugin_file = local;","        } else {","            module.exports = local;","            module.exports.__dirname = __dirname;","            module.exports.module = module;","        }","    }());","}());",""],"l":{"12":2,"14":2,"19":2,"21":2,"23":2,"24":2,"25":2,"30":1,"37":2,"41":2,"43":2,"45":2,"46":1,"48":1,"49":1,"50":1}},"/home/travis/build/npmtest/node-npmtest-cordova-plugin-file/example.js":{"path":"/home/travis/build/npmtest/node-npmtest-cordova-plugin-file/example.js","s":{"1":2,"2":2,"3":2,"4":2,"5":2,"6":2,"7":2,"8":1,"9":2,"10":2,"11":2,"12":2,"13":1,"14":2,"15":2,"16":2,"17":2,"18":2,"19":0,"20":2,"21":1,"22":1,"23":1,"24":1,"25":1,"26":0,"27":0,"28":1,"29":1,"30":2,"31":0,"32":0,"33":0,"34":1,"35":2,"36":2,"37":3,"38":3,"39":3,"40":3,"41":0,"42":3,"43":3,"44":3,"45":1,"46":3,"47":1,"48":1,"49":1,"50":1,"51":1,"52":1,"53":1,"54":1,"55":1,"56":1,"57":0,"58":1,"59":6,"60":6,"61":1,"62":2,"63":0,"64":2,"65":1,"66":1,"67":0,"68":0,"69":0,"70":0,"71":0,"72":0,"73":0,"74":0,"75":0,"76":0,"77":0,"78":0,"79":0,"80":0,"81":0,"82":0,"83":0},"b":{"1":[2,1,1,1],"2":[1,1,1,1],"3":[1,1],"4":[2,2],"5":[1,1],"6":[1,1],"7":[2,0],"8":[2,1,1,1,1,1],"9":[0,2,0],"10":[1,1],"11":[2,1,1],"12":[1,0],"13":[0,2],"14":[2,0,0,0,0,0,0],"15":[0,3],"16":[3,0],"17":[1,1],"18":[0,1],"19":[1,2,0,2],"20":[1,0],"21":[1,1],"22":[0,0],"23":[0,0],"24":[0,0],"25":[0,0],"26":[0,0],"27":[0,0],"28":[0,0]},"f":{"1":2,"2":2,"3":2,"4":2,"5":2,"6":2,"7":3,"8":3,"9":3,"10":1,"11":6,"12":0},"fnMap":{"1":{"name":"(anonymous_1)","line":26,"loc":{"start":{"line":26,"column":1},"end":{"line":26,"column":13}}},"2":{"name":"(anonymous_2)","line":33,"loc":{"start":{"line":33,"column":5},"end":{"line":33,"column":17}}},"3":{"name":"(anonymous_3)","line":37,"loc":{"start":{"line":37,"column":24},"end":{"line":37,"column":36}}},"4":{"name":"(anonymous_4)","line":69,"loc":{"start":{"line":69,"column":31},"end":{"line":69,"column":48}},"skip":true},"5":{"name":"(anonymous_5)","line":78,"loc":{"start":{"line":78,"column":26},"end":{"line":78,"column":45}},"skip":true},"6":{"name":"(anonymous_6)","line":123,"loc":{"start":{"line":123,"column":33},"end":{"line":123,"column":48}},"skip":true},"7":{"name":"(anonymous_7)","line":125,"loc":{"start":{"line":125,"column":27},"end":{"line":125,"column":39}},"skip":true},"8":{"name":"(anonymous_8)","line":133,"loc":{"start":{"line":133,"column":59},"end":{"line":133,"column":74}},"skip":true},"9":{"name":"(anonymous_9)","line":143,"loc":{"start":{"line":143,"column":45},"end":{"line":143,"column":62}},"skip":true},"10":{"name":"(anonymous_10)","line":144,"loc":{"start":{"line":144,"column":73},"end":{"line":144,"column":92}},"skip":true},"11":{"name":"(anonymous_11)","line":272,"loc":{"start":{"line":272,"column":51},"end":{"line":272,"column":77}},"skip":true},"12":{"name":"(anonymous_12)","line":315,"loc":{"start":{"line":315,"column":32},"end":{"line":315,"column":61}},"skip":true}},"statementMap":{"1":{"start":{"line":26,"column":0},"end":{"line":326,"column":5}},"2":{"start":{"line":28,"column":4},"end":{"line":28,"column":14}},"3":{"start":{"line":33,"column":4},"end":{"line":60,"column":9}},"4":{"start":{"line":35,"column":8},"end":{"line":35,"column":19}},"5":{"start":{"line":37,"column":8},"end":{"line":49,"column":13}},"6":{"start":{"line":38,"column":12},"end":{"line":48,"column":13}},"7":{"start":{"line":39,"column":16},"end":{"line":42,"column":30}},"8":{"start":{"line":44,"column":16},"end":{"line":47,"column":27}},"9":{"start":{"line":51,"column":8},"end":{"line":53,"column":21}},"10":{"start":{"line":55,"column":8},"end":{"line":57,"column":45}},"11":{"start":{"line":59,"column":8},"end":{"line":59,"column":35}},"12":{"start":{"line":61,"column":4},"end":{"line":325,"column":5}},"13":{"start":{"line":69,"column":8},"end":{"line":121,"column":10},"skip":true},"14":{"start":{"line":70,"column":12},"end":{"line":88,"column":13},"skip":true},"15":{"start":{"line":76,"column":16},"end":{"line":87,"column":19},"skip":true},"16":{"start":{"line":79,"column":20},"end":{"line":86,"column":21},"skip":true},"17":{"start":{"line":82,"column":24},"end":{"line":82,"column":43},"skip":true},"18":{"start":{"line":83,"column":24},"end":{"line":83,"column":30},"skip":true},"19":{"start":{"line":85,"column":24},"end":{"line":85,"column":49},"skip":true},"20":{"start":{"line":89,"column":12},"end":{"line":107,"column":13},"skip":true},"21":{"start":{"line":92,"column":16},"end":{"line":102,"column":17},"skip":true},"22":{"start":{"line":93,"column":20},"end":{"line":93,"column":86},"skip":true},"23":{"start":{"line":94,"column":20},"end":{"line":95,"column":45},"skip":true},"24":{"start":{"line":96,"column":20},"end":{"line":96,"column":42},"skip":true},"25":{"start":{"line":97,"column":20},"end":{"line":97,"column":48},"skip":true},"26":{"start":{"line":100,"column":20},"end":{"line":100,"column":85},"skip":true},"27":{"start":{"line":101,"column":20},"end":{"line":101,"column":96},"skip":true},"28":{"start":{"line":103,"column":16},"end":{"line":103,"column":22},"skip":true},"29":{"start":{"line":106,"column":16},"end":{"line":106,"column":22},"skip":true},"30":{"start":{"line":108,"column":12},"end":{"line":120,"column":13},"skip":true},"31":{"start":{"line":114,"column":16},"end":{"line":119,"column":17},"skip":true},"32":{"start":{"line":116,"column":20},"end":{"line":116,"column":78},"skip":true},"33":{"start":{"line":118,"column":20},"end":{"line":118,"column":47},"skip":true},"34":{"start":{"line":123,"column":8},"end":{"line":141,"column":11},"skip":true},"35":{"start":{"line":124,"column":12},"end":{"line":124,"column":54},"skip":true},"36":{"start":{"line":125,"column":12},"end":{"line":140,"column":14},"skip":true},"37":{"start":{"line":126,"column":16},"end":{"line":126,"column":28},"skip":true},"38":{"start":{"line":127,"column":16},"end":{"line":127,"column":69},"skip":true},"39":{"start":{"line":128,"column":16},"end":{"line":128,"column":75},"skip":true},"40":{"start":{"line":129,"column":16},"end":{"line":131,"column":17},"skip":true},"41":{"start":{"line":130,"column":20},"end":{"line":130,"column":27},"skip":true},"42":{"start":{"line":133,"column":16},"end":{"line":137,"column":36},"skip":true},"43":{"start":{"line":134,"column":20},"end":{"line":136,"column":55},"skip":true},"44":{"start":{"line":139,"column":16},"end":{"line":139,"column":57},"skip":true},"45":{"start":{"line":143,"column":8},"end":{"line":147,"column":11},"skip":true},"46":{"start":{"line":144,"column":12},"end":{"line":146,"column":15},"skip":true},"47":{"start":{"line":145,"column":16},"end":{"line":145,"column":70},"skip":true},"48":{"start":{"line":149,"column":8},"end":{"line":149,"column":31},"skip":true},"49":{"start":{"line":150,"column":8},"end":{"line":150,"column":14},"skip":true},"50":{"start":{"line":158,"column":8},"end":{"line":158,"column":31},"skip":true},"51":{"start":{"line":160,"column":8},"end":{"line":160,"column":33},"skip":true},"52":{"start":{"line":161,"column":8},"end":{"line":161,"column":37},"skip":true},"53":{"start":{"line":162,"column":8},"end":{"line":162,"column":35},"skip":true},"54":{"start":{"line":164,"column":8},"end":{"line":164,"column":50},"skip":true},"55":{"start":{"line":166,"column":8},"end":{"line":256,"column":2},"skip":true},"56":{"start":{"line":258,"column":8},"end":{"line":286,"column":9},"skip":true},"57":{"start":{"line":259,"column":12},"end":{"line":269,"column":14},"skip":true},"58":{"start":{"line":271,"column":12},"end":{"line":285,"column":19},"skip":true},"59":{"start":{"line":274,"column":20},"end":{"line":274,"column":35},"skip":true},"60":{"start":{"line":275,"column":20},"end":{"line":284,"column":21},"skip":true},"61":{"start":{"line":277,"column":24},"end":{"line":277,"column":64},"skip":true},"62":{"start":{"line":279,"column":24},"end":{"line":279,"column":40},"skip":true},"63":{"start":{"line":281,"column":24},"end":{"line":281,"column":40},"skip":true},"64":{"start":{"line":283,"column":24},"end":{"line":283,"column":39},"skip":true},"65":{"start":{"line":288,"column":8},"end":{"line":290,"column":9},"skip":true},"66":{"start":{"line":289,"column":12},"end":{"line":289,"column":18},"skip":true},"67":{"start":{"line":291,"column":8},"end":{"line":293,"column":54},"skip":true},"68":{"start":{"line":296,"column":8},"end":{"line":301,"column":37},"skip":true},"69":{"start":{"line":303,"column":8},"end":{"line":303,"column":82},"skip":true},"70":{"start":{"line":306,"column":8},"end":{"line":308,"column":9},"skip":true},"71":{"start":{"line":307,"column":12},"end":{"line":307,"column":82},"skip":true},"72":{"start":{"line":310,"column":8},"end":{"line":312,"column":9},"skip":true},"73":{"start":{"line":311,"column":12},"end":{"line":311,"column":18},"skip":true},"74":{"start":{"line":313,"column":8},"end":{"line":313,"column":54},"skip":true},"75":{"start":{"line":314,"column":8},"end":{"line":314,"column":69},"skip":true},"76":{"start":{"line":315,"column":8},"end":{"line":323,"column":36},"skip":true},"77":{"start":{"line":316,"column":12},"end":{"line":316,"column":61},"skip":true},"78":{"start":{"line":317,"column":12},"end":{"line":320,"column":13},"skip":true},"79":{"start":{"line":318,"column":16},"end":{"line":318,"column":75},"skip":true},"80":{"start":{"line":319,"column":16},"end":{"line":319,"column":23},"skip":true},"81":{"start":{"line":321,"column":12},"end":{"line":321,"column":38},"skip":true},"82":{"start":{"line":322,"column":12},"end":{"line":322,"column":27},"skip":true},"83":{"start":{"line":324,"column":8},"end":{"line":324,"column":14},"skip":true}},"branchMap":{"1":{"line":39,"type":"binary-expr","locations":[{"start":{"line":39,"column":23},"end":{"line":39,"column":62}},{"start":{"line":40,"column":20},"end":{"line":40,"column":70}},{"start":{"line":41,"column":20},"end":{"line":41,"column":71}},{"start":{"line":42,"column":20},"end":{"line":42,"column":29}}]},"2":{"line":44,"type":"binary-expr","locations":[{"start":{"line":44,"column":23},"end":{"line":44,"column":37}},{"start":{"line":45,"column":20},"end":{"line":45,"column":61}},{"start":{"line":46,"column":20},"end":{"line":46,"column":70}},{"start":{"line":47,"column":20},"end":{"line":47,"column":26}}]},"3":{"line":51,"type":"cond-expr","locations":[{"start":{"line":52,"column":14},"end":{"line":52,"column":20}},{"start":{"line":53,"column":14},"end":{"line":53,"column":20}}]},"4":{"line":55,"type":"binary-expr","locations":[{"start":{"line":55,"column":16},"end":{"line":55,"column":44}},{"start":{"line":55,"column":49},"end":{"line":57,"column":43}}]},"5":{"line":55,"type":"cond-expr","locations":[{"start":{"line":56,"column":14},"end":{"line":56,"column":63}},{"start":{"line":57,"column":14},"end":{"line":57,"column":43}}]},"6":{"line":61,"type":"switch","locations":[{"start":{"line":68,"column":4},"end":{"line":150,"column":14},"skip":true},{"start":{"line":156,"column":4},"end":{"line":324,"column":14},"skip":true}]},"7":{"line":70,"type":"if","locations":[{"start":{"line":70,"column":12},"end":{"line":70,"column":12},"skip":true},{"start":{"line":70,"column":12},"end":{"line":70,"column":12},"skip":true}]},"8":{"line":70,"type":"binary-expr","locations":[{"start":{"line":70,"column":16},"end":{"line":70,"column":22},"skip":true},{"start":{"line":70,"column":27},"end":{"line":70,"column":32},"skip":true},{"start":{"line":71,"column":20},"end":{"line":71,"column":39},"skip":true},{"start":{"line":72,"column":20},"end":{"line":72,"column":49},"skip":true},{"start":{"line":73,"column":20},"end":{"line":73,"column":58},"skip":true},{"start":{"line":74,"column":20},"end":{"line":74,"column":69},"skip":true}]},"9":{"line":79,"type":"switch","locations":[{"start":{"line":80,"column":20},"end":{"line":80,"column":33},"skip":true},{"start":{"line":81,"column":20},"end":{"line":83,"column":30},"skip":true},{"start":{"line":84,"column":20},"end":{"line":85,"column":49},"skip":true}]},"10":{"line":89,"type":"switch","locations":[{"start":{"line":90,"column":12},"end":{"line":103,"column":22},"skip":true},{"start":{"line":105,"column":12},"end":{"line":106,"column":22},"skip":true}]},"11":{"line":89,"type":"binary-expr","locations":[{"start":{"line":89,"column":20},"end":{"line":89,"column":25},"skip":true},{"start":{"line":89,"column":29},"end":{"line":89,"column":48},"skip":true},{"start":{"line":89,"column":52},"end":{"line":89,"column":74},"skip":true}]},"12":{"line":92,"type":"if","locations":[{"start":{"line":92,"column":16},"end":{"line":92,"column":16},"skip":true},{"start":{"line":92,"column":16},"end":{"line":92,"column":16},"skip":true}]},"13":{"line":108,"type":"if","locations":[{"start":{"line":108,"column":12},"end":{"line":108,"column":12},"skip":true},{"start":{"line":108,"column":12},"end":{"line":108,"column":12},"skip":true}]},"14":{"line":108,"type":"binary-expr","locations":[{"start":{"line":108,"column":16},"end":{"line":108,"column":61},"skip":true},{"start":{"line":108,"column":66},"end":{"line":108,"column":72},"skip":true},{"start":{"line":108,"column":77},"end":{"line":108,"column":82},"skip":true},{"start":{"line":109,"column":20},"end":{"line":109,"column":39},"skip":true},{"start":{"line":110,"column":20},"end":{"line":110,"column":49},"skip":true},{"start":{"line":111,"column":20},"end":{"line":111,"column":58},"skip":true},{"start":{"line":112,"column":20},"end":{"line":112,"column":68},"skip":true}]},"15":{"line":129,"type":"if","locations":[{"start":{"line":129,"column":16},"end":{"line":129,"column":16},"skip":true},{"start":{"line":129,"column":16},"end":{"line":129,"column":16},"skip":true}]},"16":{"line":134,"type":"cond-expr","locations":[{"start":{"line":135,"column":26},"end":{"line":135,"column":29},"skip":true},{"start":{"line":136,"column":26},"end":{"line":136,"column":54},"skip":true}]},"17":{"line":164,"type":"binary-expr","locations":[{"start":{"line":164,"column":27},"end":{"line":164,"column":43},"skip":true},{"start":{"line":164,"column":47},"end":{"line":164,"column":49},"skip":true}]},"18":{"line":258,"type":"if","locations":[{"start":{"line":258,"column":8},"end":{"line":258,"column":8},"skip":true},{"start":{"line":258,"column":8},"end":{"line":258,"column":8},"skip":true}]},"19":{"line":275,"type":"switch","locations":[{"start":{"line":276,"column":20},"end":{"line":277,"column":64},"skip":true},{"start":{"line":278,"column":20},"end":{"line":279,"column":40},"skip":true},{"start":{"line":280,"column":20},"end":{"line":281,"column":40},"skip":true},{"start":{"line":282,"column":20},"end":{"line":283,"column":39},"skip":true}]},"20":{"line":288,"type":"if","locations":[{"start":{"line":288,"column":8},"end":{"line":288,"column":8},"skip":true},{"start":{"line":288,"column":8},"end":{"line":288,"column":8},"skip":true}]},"21":{"line":288,"type":"binary-expr","locations":[{"start":{"line":288,"column":12},"end":{"line":288,"column":40},"skip":true},{"start":{"line":288,"column":44},"end":{"line":288,"column":67},"skip":true}]},"22":{"line":292,"type":"binary-expr","locations":[{"start":{"line":292,"column":12},"end":{"line":292,"column":50},"skip":true},{"start":{"line":293,"column":12},"end":{"line":293,"column":53},"skip":true}]},"23":{"line":297,"type":"binary-expr","locations":[{"start":{"line":297,"column":12},"end":{"line":297,"column":77},"skip":true},{"start":{"line":298,"column":12},"end":{"line":301,"column":36},"skip":true}]},"24":{"line":303,"type":"binary-expr","locations":[{"start":{"line":303,"column":43},"end":{"line":303,"column":75},"skip":true},{"start":{"line":303,"column":79},"end":{"line":303,"column":81},"skip":true}]},"25":{"line":306,"type":"if","locations":[{"start":{"line":306,"column":8},"end":{"line":306,"column":8},"skip":true},{"start":{"line":306,"column":8},"end":{"line":306,"column":8},"skip":true}]},"26":{"line":310,"type":"if","locations":[{"start":{"line":310,"column":8},"end":{"line":310,"column":8},"skip":true},{"start":{"line":310,"column":8},"end":{"line":310,"column":8},"skip":true}]},"27":{"line":313,"type":"binary-expr","locations":[{"start":{"line":313,"column":27},"end":{"line":313,"column":43},"skip":true},{"start":{"line":313,"column":47},"end":{"line":313,"column":53},"skip":true}]},"28":{"line":317,"type":"if","locations":[{"start":{"line":317,"column":12},"end":{"line":317,"column":12},"skip":true},{"start":{"line":317,"column":12},"end":{"line":317,"column":12},"skip":true}]}},"code":["/*","example.js","","quickstart example","","instruction","    1. save this script as example.js","    2. run the shell command:","        $ npm install npmtest-cordova-plugin-file && PORT=8081 node example.js","    3. play with the browser-demo on http://127.0.0.1:8081","*/","","","","/* istanbul instrument in package npmtest_cordova_plugin_file */","/*jslint","    bitwise: true,","    browser: true,","    maxerr: 8,","    maxlen: 96,","    node: true,","    nomen: true,","    regexp: true,","    stupid: true","*/","(function () {","    'use strict';","    var local;","","","","    // run shared js-env code - init-before","    (function () {","        // init local","        local = {};","        // init modeJs","        local.modeJs = (function () {","            try {","                return typeof navigator.userAgent === 'string' &&","                    typeof document.querySelector('body') === 'object' &&","                    typeof XMLHttpRequest.prototype.open === 'function' &&","                    'browser';","            } catch (errorCaughtBrowser) {","                return module.exports &&","                    typeof process.versions.node === 'string' &&","                    typeof require('http').createServer === 'function' &&","                    'node';","            }","        }());","        // init global","        local.global = local.modeJs === 'browser'","            ? window","            : global;","        // init utility2_rollup","        local = local.global.utility2_rollup || (local.modeJs === 'browser'","            ? local.global.utility2_npmtest_cordova_plugin_file","            : global.utility2_moduleExports);","        // export local","        local.global.local = local;","    }());","    switch (local.modeJs) {","","","","    // init-after","    // run browser js-env code - init-after","    /* istanbul ignore next */","    case 'browser':","        local.testRunBrowser = function (event) {","            if (!event || (event &&","                    event.currentTarget &&","                    event.currentTarget.className &&","                    event.currentTarget.className.includes &&","                    event.currentTarget.className.includes('onreset'))) {","                // reset output","                Array.from(","                    document.querySelectorAll('body > .resettable')","                ).forEach(function (element) {","                    switch (element.tagName) {","                    case 'INPUT':","                    case 'TEXTAREA':","                        element.value = '';","                        break;","                    default:","                        element.textContent = '';","                    }","                });","            }","            switch (event && event.currentTarget && event.currentTarget.id) {","            case 'testRunButton1':","                // show tests","                if (document.querySelector('#testReportDiv1').style.display === 'none') {","                    document.querySelector('#testReportDiv1').style.display = 'block';","                    document.querySelector('#testRunButton1').textContent =","                        'hide internal test';","                    local.modeTest = true;","                    local.testRunDefault(local);","                // hide tests","                } else {","                    document.querySelector('#testReportDiv1').style.display = 'none';","                    document.querySelector('#testRunButton1').textContent = 'run internal test';","                }","                break;","            // custom-case","            default:","                break;","            }","            if (document.querySelector('#inputTextareaEval1') && (!event || (event &&","                    event.currentTarget &&","                    event.currentTarget.className &&","                    event.currentTarget.className.includes &&","                    event.currentTarget.className.includes('oneval')))) {","                // try to eval input-code","                try {","                    /*jslint evil: true*/","                    eval(document.querySelector('#inputTextareaEval1').value);","                } catch (errorCaught) {","                    console.error(errorCaught);","                }","            }","        };","        // log stderr and stdout to #outputTextareaStdout1","        ['error', 'log'].forEach(function (key) {","            console[key + '_original'] = console[key];","            console[key] = function () {","                var element;","                console[key + '_original'].apply(console, arguments);","                element = document.querySelector('#outputTextareaStdout1');","                if (!element) {","                    return;","                }","                // append text to #outputTextareaStdout1","                element.value += Array.from(arguments).map(function (arg) {","                    return typeof arg === 'string'","                        ? arg","                        : JSON.stringify(arg, null, 4);","                }).join(' ') + '\\n';","                // scroll textarea to bottom","                element.scrollTop = element.scrollHeight;","            };","        });","        // init event-handling","        ['change', 'click', 'keyup'].forEach(function (event) {","            Array.from(document.querySelectorAll('.on' + event)).forEach(function (element) {","                element.addEventListener(event, local.testRunBrowser);","            });","        });","        // run tests","        local.testRunBrowser();","        break;","","","","    // run node js-env code - init-after","    /* istanbul ignore next */","    case 'node':","        // export local","        module.exports = local;","        // require modules","        local.fs = require('fs');","        local.http = require('http');","        local.url = require('url');","        // init assets","        local.assetsDict = local.assetsDict || {};","        /* jslint-ignore-begin */","        local.assetsDict['/assets.index.template.html'] = '\\","<!doctype html>\\n\\","<html lang=\"en\">\\n\\","<head>\\n\\","<meta charset=\"UTF-8\">\\n\\","<meta name=\"viewport\" content=\"width=device-width, initial-scale=1\">\\n\\","<title>{{env.npm_package_name}} (v{{env.npm_package_version}})</title>\\n\\","<style>\\n\\","/*csslint\\n\\","    box-sizing: false,\\n\\","    universal-selector: false\\n\\","*/\\n\\","* {\\n\\","    box-sizing: border-box;\\n\\","}\\n\\","body {\\n\\","    background: #dde;\\n\\","    font-family: Arial, Helvetica, sans-serif;\\n\\","    margin: 2rem;\\n\\","}\\n\\","body > * {\\n\\","    margin-bottom: 1rem;\\n\\","}\\n\\",".utility2FooterDiv {\\n\\","    margin-top: 20px;\\n\\","    text-align: center;\\n\\","}\\n\\","</style>\\n\\","<style>\\n\\","/*csslint\\n\\","*/\\n\\","textarea {\\n\\","    font-family: monospace;\\n\\","    height: 10rem;\\n\\","    width: 100%;\\n\\","}\\n\\","textarea[readonly] {\\n\\","    background: #ddd;\\n\\","}\\n\\","</style>\\n\\","</head>\\n\\","<body>\\n\\","<!-- utility2-comment\\n\\","<div id=\"ajaxProgressDiv1\" style=\"background: #d00; height: 2px; left: 0; margin: 0; padding: 0; position: fixed; top: 0; transition: background 0.5s, width 1.5s; width: 25%;\"></div>\\n\\","utility2-comment -->\\n\\","<h1>\\n\\","<!-- utility2-comment\\n\\","    <a\\n\\","        {{#if env.npm_package_homepage}}\\n\\","        href=\"{{env.npm_package_homepage}}\"\\n\\","        {{/if env.npm_package_homepage}}\\n\\","        target=\"_blank\"\\n\\","    >\\n\\","utility2-comment -->\\n\\","        {{env.npm_package_name}} (v{{env.npm_package_version}})\\n\\","<!-- utility2-comment\\n\\","    </a>\\n\\","utility2-comment -->\\n\\","</h1>\\n\\","<h3>{{env.npm_package_description}}</h3>\\n\\","<!-- utility2-comment\\n\\","<h4><a download href=\"assets.app.js\">download standalone app</a></h4>\\n\\","<button class=\"onclick onreset\" id=\"testRunButton1\">run internal test</button><br>\\n\\","<div id=\"testReportDiv1\" style=\"display: none;\"></div>\\n\\","utility2-comment -->\\n\\","\\n\\","\\n\\","\\n\\","<label>stderr and stdout</label>\\n\\","<textarea class=\"resettable\" id=\"outputTextareaStdout1\" readonly></textarea>\\n\\","<!-- utility2-comment\\n\\","{{#if isRollup}}\\n\\","<script src=\"assets.app.js\"></script>\\n\\","{{#unless isRollup}}\\n\\","utility2-comment -->\\n\\","<script src=\"assets.utility2.rollup.js\"></script>\\n\\","<script src=\"jsonp.utility2._stateInit?callback=window.utility2._stateInit\"></script>\\n\\","<script src=\"assets.npmtest_cordova_plugin_file.rollup.js\"></script>\\n\\","<script src=\"assets.example.js\"></script>\\n\\","<script src=\"assets.test.js\"></script>\\n\\","<!-- utility2-comment\\n\\","{{/if isRollup}}\\n\\","utility2-comment -->\\n\\","<div class=\"utility2FooterDiv\">\\n\\","    [ this app was created with\\n\\","    <a href=\"https://github.com/kaizhu256/node-utility2\" target=\"_blank\">utility2</a>\\n\\","    ]\\n\\","</div>\\n\\","</body>\\n\\","</html>\\n\\","';","        /* jslint-ignore-end */","        if (local.templateRender) {","            local.assetsDict['/'] = local.templateRender(","                local.assetsDict['/assets.index.template.html'],","                {","                    env: local.objectSetDefault(local.env, {","                        npm_package_description: 'the greatest app in the world!',","                        npm_package_name: 'my-app',","                        npm_package_nameAlias: 'my_app',","                        npm_package_version: '0.0.1'","                    })","                }","            );","        } else {","            local.assetsDict['/'] = local.assetsDict['/assets.index.template.html']","                .replace((/\\{\\{env\\.(\\w+?)\\}\\}/g), function (match0, match1) {","                    // jslint-hack","                    String(match0);","                    switch (match1) {","                    case 'npm_package_description':","                        return 'the greatest app in the world!';","                    case 'npm_package_name':","                        return 'my-app';","                    case 'npm_package_nameAlias':","                        return 'my_app';","                    case 'npm_package_version':","                        return '0.0.1';","                    }","                });","        }","        // run the cli","        if (local.global.utility2_rollup || module !== require.main) {","            break;","        }","        local.assetsDict['/assets.example.js'] =","            local.assetsDict['/assets.example.js'] ||","            local.fs.readFileSync(__filename, 'utf8');","        // bug-workaround - long $npm_package_buildCustomOrg","        /* jslint-ignore-begin */","        local.assetsDict['/assets.npmtest_cordova_plugin_file.rollup.js'] =","            local.assetsDict['/assets.npmtest_cordova_plugin_file.rollup.js'] ||","            local.fs.readFileSync(","                local.npmtest_cordova_plugin_file.__dirname + '/lib.npmtest_cordova_plugin_file.js',","                'utf8'","            ).replace((/^#!/), '//');","        /* jslint-ignore-end */","        local.assetsDict['/favicon.ico'] = local.assetsDict['/favicon.ico'] || '';","        // if $npm_config_timeout_exit exists,","        // then exit this process after $npm_config_timeout_exit ms","        if (Number(process.env.npm_config_timeout_exit)) {","            setTimeout(process.exit, Number(process.env.npm_config_timeout_exit));","        }","        // start server","        if (local.global.utility2_serverHttp1) {","            break;","        }","        process.env.PORT = process.env.PORT || '8081';","        console.error('server starting on port ' + process.env.PORT);","        local.http.createServer(function (request, response) {","            request.urlParsed = local.url.parse(request.url);","            if (local.assetsDict[request.urlParsed.pathname] !== undefined) {","                response.end(local.assetsDict[request.urlParsed.pathname]);","                return;","            }","            response.statusCode = 404;","            response.end();","        }).listen(process.env.PORT);","        break;","    }","}());",""],"l":{"26":2,"28":2,"33":2,"35":2,"37":2,"38":2,"39":2,"44":1,"51":2,"55":2,"59":2,"61":2,"69":1,"70":2,"76":2,"79":2,"82":2,"83":2,"85":1,"89":2,"92":1,"93":1,"94":1,"96":1,"97":1,"100":1,"101":1,"103":1,"106":1,"108":2,"114":1,"116":1,"118":1,"123":1,"124":2,"125":2,"126":3,"127":3,"128":3,"129":3,"130":1,"133":3,"134":3,"139":3,"143":1,"144":3,"145":1,"149":1,"150":1,"158":1,"160":1,"161":1,"162":1,"164":1,"166":1,"258":1,"259":1,"271":1,"274":6,"275":6,"277":1,"279":2,"281":1,"283":2,"288":1,"289":1,"291":1,"296":1,"303":1,"306":1,"307":1,"310":1,"311":1,"313":1,"314":1,"315":1,"316":1,"317":1,"318":1,"319":1,"321":1,"322":1,"324":1}},"/home/travis/build/npmtest/node-npmtest-cordova-plugin-file/node_modules/cordova-plugin-file/www/DirectoryEntry.js":{"path":"/home/travis/build/npmtest/node-npmtest-cordova-plugin-file/node_modules/cordova-plugin-file/www/DirectoryEntry.js","s":{"1":6,"2":0,"3":0,"4":0,"5":0,"6":0,"7":0,"8":0,"9":0,"10":0,"11":0,"12":0,"13":0,"14":0,"15":0,"16":0,"17":0,"18":0,"19":0,"20":0,"21":0,"22":0,"23":0,"24":0,"25":0,"26":0,"27":0,"28":0,"29":0,"30":0,"31":0,"32":0,"33":0,"34":0,"35":0},"b":{"1":[0,0],"2":[0,0],"3":[0,0],"4":[0,0],"5":[0,0],"6":[0,0],"7":[0,0],"8":[0,0],"9":[0,0]},"f":{"1":0,"2":0,"3":0,"4":0,"5":0,"6":0,"7":0,"8":0,"9":0,"10":0},"fnMap":{"1":{"name":"(anonymous_1)","line":38,"loc":{"start":{"line":38,"column":21},"end":{"line":38,"column":69}}},"2":{"name":"(anonymous_2)","line":56,"loc":{"start":{"line":56,"column":40},"end":{"line":56,"column":51}}},"3":{"name":"(anonymous_3)","line":68,"loc":{"start":{"line":68,"column":40},"end":{"line":68,"column":96}}},"4":{"name":"(anonymous_4)","line":71,"loc":{"start":{"line":71,"column":33},"end":{"line":71,"column":50}}},"5":{"name":"(anonymous_5)","line":75,"loc":{"start":{"line":75,"column":32},"end":{"line":75,"column":47}}},"6":{"name":"(anonymous_6)","line":87,"loc":{"start":{"line":87,"column":45},"end":{"line":87,"column":86}}},"7":{"name":"(anonymous_7)","line":89,"loc":{"start":{"line":89,"column":32},"end":{"line":89,"column":47}}},"8":{"name":"(anonymous_8)","line":103,"loc":{"start":{"line":103,"column":35},"end":{"line":103,"column":91}}},"9":{"name":"(anonymous_9)","line":106,"loc":{"start":{"line":106,"column":33},"end":{"line":106,"column":50}}},"10":{"name":"(anonymous_10)","line":111,"loc":{"start":{"line":111,"column":32},"end":{"line":111,"column":47}}}},"statementMap":{"1":{"start":{"line":22,"column":0},"end":{"line":27,"column":51}},"2":{"start":{"line":38,"column":0},"end":{"line":49,"column":2}},"3":{"start":{"line":41,"column":4},"end":{"line":43,"column":5}},"4":{"start":{"line":42,"column":8},"end":{"line":42,"column":24}},"5":{"start":{"line":45,"column":4},"end":{"line":47,"column":5}},"6":{"start":{"line":46,"column":8},"end":{"line":46,"column":25}},"7":{"start":{"line":48,"column":4},"end":{"line":48,"column":104}},"8":{"start":{"line":51,"column":0},"end":{"line":51,"column":36}},"9":{"start":{"line":56,"column":0},"end":{"line":58,"column":2}},"10":{"start":{"line":57,"column":4},"end":{"line":57,"column":53}},"11":{"start":{"line":68,"column":0},"end":{"line":79,"column":2}},"12":{"start":{"line":69,"column":4},"end":{"line":69,"column":74}},"13":{"start":{"line":70,"column":4},"end":{"line":70,"column":29}},"14":{"start":{"line":71,"column":4},"end":{"line":74,"column":6}},"15":{"start":{"line":72,"column":8},"end":{"line":72,"column":91}},"16":{"start":{"line":73,"column":8},"end":{"line":73,"column":31}},"17":{"start":{"line":75,"column":4},"end":{"line":77,"column":6}},"18":{"start":{"line":76,"column":8},"end":{"line":76,"column":43}},"19":{"start":{"line":78,"column":4},"end":{"line":78,"column":83}},"20":{"start":{"line":87,"column":0},"end":{"line":93,"column":2}},"21":{"start":{"line":88,"column":4},"end":{"line":88,"column":77}},"22":{"start":{"line":89,"column":4},"end":{"line":91,"column":6}},"23":{"start":{"line":90,"column":8},"end":{"line":90,"column":43}},"24":{"start":{"line":92,"column":4},"end":{"line":92,"column":85}},"25":{"start":{"line":103,"column":0},"end":{"line":115,"column":2}},"26":{"start":{"line":104,"column":4},"end":{"line":104,"column":69}},"27":{"start":{"line":105,"column":4},"end":{"line":105,"column":29}},"28":{"start":{"line":106,"column":4},"end":{"line":110,"column":6}},"29":{"start":{"line":107,"column":8},"end":{"line":107,"column":47}},"30":{"start":{"line":108,"column":8},"end":{"line":108,"column":86}},"31":{"start":{"line":109,"column":8},"end":{"line":109,"column":31}},"32":{"start":{"line":111,"column":4},"end":{"line":113,"column":6}},"33":{"start":{"line":112,"column":8},"end":{"line":112,"column":43}},"34":{"start":{"line":114,"column":4},"end":{"line":114,"column":78}},"35":{"start":{"line":117,"column":0},"end":{"line":117,"column":32}}},"branchMap":{"1":{"line":41,"type":"if","locations":[{"start":{"line":41,"column":4},"end":{"line":41,"column":4}},{"start":{"line":41,"column":4},"end":{"line":41,"column":4}}]},"2":{"line":41,"type":"binary-expr","locations":[{"start":{"line":41,"column":9},"end":{"line":41,"column":17}},{"start":{"line":41,"column":22},"end":{"line":41,"column":43}}]},"3":{"line":45,"type":"if","locations":[{"start":{"line":45,"column":4},"end":{"line":45,"column":4}},{"start":{"line":45,"column":4},"end":{"line":45,"column":4}}]},"4":{"line":45,"type":"binary-expr","locations":[{"start":{"line":45,"column":8},"end":{"line":45,"column":17}},{"start":{"line":45,"column":21},"end":{"line":45,"column":43}}]},"5":{"line":71,"type":"binary-expr","locations":[{"start":{"line":71,"column":14},"end":{"line":71,"column":29}},{"start":{"line":71,"column":33},"end":{"line":74,"column":5}}]},"6":{"line":75,"type":"binary-expr","locations":[{"start":{"line":75,"column":15},"end":{"line":75,"column":28}},{"start":{"line":75,"column":32},"end":{"line":77,"column":5}}]},"7":{"line":89,"type":"binary-expr","locations":[{"start":{"line":89,"column":15},"end":{"line":89,"column":28}},{"start":{"line":89,"column":32},"end":{"line":91,"column":5}}]},"8":{"line":106,"type":"binary-expr","locations":[{"start":{"line":106,"column":14},"end":{"line":106,"column":29}},{"start":{"line":106,"column":33},"end":{"line":110,"column":5}}]},"9":{"line":111,"type":"binary-expr","locations":[{"start":{"line":111,"column":15},"end":{"line":111,"column":28}},{"start":{"line":111,"column":32},"end":{"line":113,"column":5}}]}},"code":["/*"," *"," * Licensed to the Apache Software Foundation (ASF) under one"," * or more contributor license agreements.  See the NOTICE file"," * distributed with this work for additional information"," * regarding copyright ownership.  The ASF licenses this file"," * to you under the Apache License, Version 2.0 (the"," * \"License\"); you may not use this file except in compliance"," * with the License.  You may obtain a copy of the License at"," *"," *   http://www.apache.org/licenses/LICENSE-2.0"," *"," * Unless required by applicable law or agreed to in writing,"," * software distributed under the License is distributed on an"," * \"AS IS\" BASIS, WITHOUT WARRANTIES OR CONDITIONS OF ANY"," * KIND, either express or implied.  See the License for the"," * specific language governing permissions and limitations"," * under the License."," *","*/","","var argscheck = require('cordova/argscheck'),","    utils = require('cordova/utils'),","    exec = require('cordova/exec'),","    Entry = require('./Entry'),","    FileError = require('./FileError'),","    DirectoryReader = require('./DirectoryReader');","","/**"," * An interface representing a directory on the file system."," *"," * {boolean} isFile always false (readonly)"," * {boolean} isDirectory always true (readonly)"," * {DOMString} name of the directory, excluding the path leading to it (readonly)"," * {DOMString} fullPath the absolute full path to the directory (readonly)"," * {FileSystem} filesystem on which the directory resides (readonly)"," */","var DirectoryEntry = function(name, fullPath, fileSystem, nativeURL) {","","    // add trailing slash if it is missing","    if ((fullPath) && !/\\/$/.test(fullPath)) {","        fullPath += \"/\";","    }","    // add trailing slash if it is missing","    if (nativeURL && !/\\/$/.test(nativeURL)) {","        nativeURL += \"/\";","    }","    DirectoryEntry.__super__.constructor.call(this, false, true, name, fullPath, fileSystem, nativeURL);","};","","utils.extend(DirectoryEntry, Entry);","","/**"," * Creates a new DirectoryReader to read entries from this directory"," */","DirectoryEntry.prototype.createReader = function() {","    return new DirectoryReader(this.toInternalURL());","};","","/**"," * Creates or looks up a directory"," *"," * @param {DOMString} path either a relative or absolute path from this directory in which to look up or create a directory"," * @param {Flags} options to create or exclusively create the directory"," * @param {Function} successCallback is called with the new entry"," * @param {Function} errorCallback is called with a FileError"," */","DirectoryEntry.prototype.getDirectory = function(path, options, successCallback, errorCallback) {","    argscheck.checkArgs('sOFF', 'DirectoryEntry.getDirectory', arguments);","    var fs = this.filesystem;","    var win = successCallback && function(result) {","        var entry = new DirectoryEntry(result.name, result.fullPath, fs, result.nativeURL);","        successCallback(entry);","    };","    var fail = errorCallback && function(code) {","        errorCallback(new FileError(code));","    };","    exec(win, fail, \"File\", \"getDirectory\", [this.toInternalURL(), path, options]);","};","","/**"," * Deletes a directory and all of it's contents"," *"," * @param {Function} successCallback is called with no parameters"," * @param {Function} errorCallback is called with a FileError"," */","DirectoryEntry.prototype.removeRecursively = function(successCallback, errorCallback) {","    argscheck.checkArgs('FF', 'DirectoryEntry.removeRecursively', arguments);","    var fail = errorCallback && function(code) {","        errorCallback(new FileError(code));","    };","    exec(successCallback, fail, \"File\", \"removeRecursively\", [this.toInternalURL()]);","};","","/**"," * Creates or looks up a file"," *"," * @param {DOMString} path either a relative or absolute path from this directory in which to look up or create a file"," * @param {Flags} options to create or exclusively create the file"," * @param {Function} successCallback is called with the new entry"," * @param {Function} errorCallback is called with a FileError"," */","DirectoryEntry.prototype.getFile = function(path, options, successCallback, errorCallback) {","    argscheck.checkArgs('sOFF', 'DirectoryEntry.getFile', arguments);","    var fs = this.filesystem;","    var win = successCallback && function(result) {","        var FileEntry = require('./FileEntry');","        var entry = new FileEntry(result.name, result.fullPath, fs, result.nativeURL);","        successCallback(entry);","    };","    var fail = errorCallback && function(code) {","        errorCallback(new FileError(code));","    };","    exec(win, fail, \"File\", \"getFile\", [this.toInternalURL(), path, options]);","};","","module.exports = DirectoryEntry;",""],"l":{"22":6,"38":0,"41":0,"42":0,"45":0,"46":0,"48":0,"51":0,"56":0,"57":0,"68":0,"69":0,"70":0,"71":0,"72":0,"73":0,"75":0,"76":0,"78":0,"87":0,"88":0,"89":0,"90":0,"92":0,"103":0,"104":0,"105":0,"106":0,"107":0,"108":0,"109":0,"111":0,"112":0,"114":0,"117":0}},"/home/travis/build/npmtest/node-npmtest-cordova-plugin-file/node_modules/cordova-plugin-file/www/DirectoryReader.js":{"path":"/home/travis/build/npmtest/node-npmtest-cordova-plugin-file/node_modules/cordova-plugin-file/www/DirectoryReader.js","s":{"1":2,"2":1,"3":0,"4":0,"5":0,"6":0,"7":0,"8":0,"9":0,"10":0,"11":0,"12":0,"13":0,"14":0,"15":0,"16":0,"17":0,"18":0,"19":0,"20":0,"21":0,"22":0,"23":0,"24":0,"25":0,"26":0,"27":0,"28":0,"29":0,"30":0},"b":{"1":[0,0],"2":[0,0],"3":[0,0],"4":[0,0],"5":[0,0],"6":[0,0]},"f":{"1":0,"2":0,"3":0,"4":0},"fnMap":{"1":{"name":"DirectoryReader","line":28,"loc":{"start":{"line":28,"column":0},"end":{"line":28,"column":35}}},"2":{"name":"(anonymous_2)","line":39,"loc":{"start":{"line":39,"column":40},"end":{"line":39,"column":81}}},"3":{"name":"(anonymous_3)","line":46,"loc":{"start":{"line":46,"column":61},"end":{"line":46,"column":78}}},"4":{"name":"(anonymous_4)","line":67,"loc":{"start":{"line":67,"column":60},"end":{"line":67,"column":75}}}},"statementMap":{"1":{"start":{"line":22,"column":0},"end":{"line":23,"column":40}},"2":{"start":{"line":28,"column":0},"end":{"line":31,"column":1}},"3":{"start":{"line":29,"column":4},"end":{"line":29,"column":37}},"4":{"start":{"line":30,"column":4},"end":{"line":30,"column":32}},"5":{"start":{"line":39,"column":0},"end":{"line":71,"column":2}},"6":{"start":{"line":41,"column":4},"end":{"line":44,"column":5}},"7":{"start":{"line":42,"column":8},"end":{"line":42,"column":28}},"8":{"start":{"line":43,"column":8},"end":{"line":43,"column":15}},"9":{"start":{"line":45,"column":4},"end":{"line":45,"column":22}},"10":{"start":{"line":46,"column":4},"end":{"line":66,"column":6}},"11":{"start":{"line":47,"column":8},"end":{"line":47,"column":24}},"12":{"start":{"line":48,"column":8},"end":{"line":63,"column":9}},"13":{"start":{"line":49,"column":12},"end":{"line":49,"column":29}},"14":{"start":{"line":50,"column":12},"end":{"line":55,"column":13}},"15":{"start":{"line":51,"column":16},"end":{"line":51,"column":60}},"16":{"start":{"line":53,"column":17},"end":{"line":55,"column":13}},"17":{"start":{"line":54,"column":16},"end":{"line":54,"column":55}},"18":{"start":{"line":56,"column":12},"end":{"line":56,"column":54}},"19":{"start":{"line":57,"column":12},"end":{"line":57,"column":44}},"20":{"start":{"line":58,"column":12},"end":{"line":58,"column":40}},"21":{"start":{"line":59,"column":12},"end":{"line":59,"column":48}},"22":{"start":{"line":60,"column":12},"end":{"line":60,"column":87}},"23":{"start":{"line":61,"column":12},"end":{"line":61,"column":50}},"24":{"start":{"line":62,"column":12},"end":{"line":62,"column":31}},"25":{"start":{"line":64,"column":8},"end":{"line":64,"column":37}},"26":{"start":{"line":65,"column":8},"end":{"line":65,"column":32}},"27":{"start":{"line":67,"column":4},"end":{"line":69,"column":6}},"28":{"start":{"line":68,"column":8},"end":{"line":68,"column":43}},"29":{"start":{"line":70,"column":4},"end":{"line":70,"column":60}},"30":{"start":{"line":73,"column":0},"end":{"line":73,"column":33}}},"branchMap":{"1":{"line":29,"type":"binary-expr","locations":[{"start":{"line":29,"column":20},"end":{"line":29,"column":28}},{"start":{"line":29,"column":32},"end":{"line":29,"column":36}}]},"2":{"line":41,"type":"if","locations":[{"start":{"line":41,"column":4},"end":{"line":41,"column":4}},{"start":{"line":41,"column":4},"end":{"line":41,"column":4}}]},"3":{"line":46,"type":"cond-expr","locations":[{"start":{"line":46,"column":54},"end":{"line":46,"column":58}},{"start":{"line":46,"column":61},"end":{"line":66,"column":5}}]},"4":{"line":50,"type":"if","locations":[{"start":{"line":50,"column":12},"end":{"line":50,"column":12}},{"start":{"line":50,"column":12},"end":{"line":50,"column":12}}]},"5":{"line":53,"type":"if","locations":[{"start":{"line":53,"column":17},"end":{"line":53,"column":17}},{"start":{"line":53,"column":17},"end":{"line":53,"column":17}}]},"6":{"line":67,"type":"cond-expr","locations":[{"start":{"line":67,"column":53},"end":{"line":67,"column":57}},{"start":{"line":67,"column":60},"end":{"line":69,"column":5}}]}},"code":["/*"," *"," * Licensed to the Apache Software Foundation (ASF) under one"," * or more contributor license agreements.  See the NOTICE file"," * distributed with this work for additional information"," * regarding copyright ownership.  The ASF licenses this file"," * to you under the Apache License, Version 2.0 (the"," * \"License\"); you may not use this file except in compliance"," * with the License.  You may obtain a copy of the License at"," *"," *   http://www.apache.org/licenses/LICENSE-2.0"," *"," * Unless required by applicable law or agreed to in writing,"," * software distributed under the License is distributed on an"," * \"AS IS\" BASIS, WITHOUT WARRANTIES OR CONDITIONS OF ANY"," * KIND, either express or implied.  See the License for the"," * specific language governing permissions and limitations"," * under the License."," *","*/","","var exec = require('cordova/exec'),","    FileError = require('./FileError') ;","","/**"," * An interface that lists the files and directories in a directory."," */","function DirectoryReader(localURL) {","    this.localURL = localURL || null;","    this.hasReadEntries = false;","}","","/**"," * Returns a list of entries from a directory."," *"," * @param {Function} successCallback is called with a list of entries"," * @param {Function} errorCallback is called with a FileError"," */","DirectoryReader.prototype.readEntries = function(successCallback, errorCallback) {","    // If we've already read and passed on this directory's entries, return an empty list.","    if (this.hasReadEntries) {","        successCallback([]);","        return;","    }","    var reader = this;","    var win = typeof successCallback !== 'function' ? null : function(result) {","        var retVal = [];","        for (var i=0; i<result.length; i++) {","            var entry = null;","            if (result[i].isDirectory) {","                entry = new (require('./DirectoryEntry'))();","            }","            else if (result[i].isFile) {","                entry = new (require('./FileEntry'))();","            }","            entry.isDirectory = result[i].isDirectory;","            entry.isFile = result[i].isFile;","            entry.name = result[i].name;","            entry.fullPath = result[i].fullPath;","            entry.filesystem = new (require('./FileSystem'))(result[i].filesystemName);","            entry.nativeURL = result[i].nativeURL;","            retVal.push(entry);","        }","        reader.hasReadEntries = true;","        successCallback(retVal);","    };","    var fail = typeof errorCallback !== 'function' ? null : function(code) {","        errorCallback(new FileError(code));","    };","    exec(win, fail, \"File\", \"readEntries\", [this.localURL]);","};","","module.exports = DirectoryReader;",""],"l":{"22":2,"28":1,"29":0,"30":0,"39":0,"41":0,"42":0,"43":0,"45":0,"46":0,"47":0,"48":0,"49":0,"50":0,"51":0,"53":0,"54":0,"56":0,"57":0,"58":0,"59":0,"60":0,"61":0,"62":0,"64":0,"65":0,"67":0,"68":0,"70":0,"73":0}},"/home/travis/build/npmtest/node-npmtest-cordova-plugin-file/node_modules/cordova-plugin-file/www/Entry.js":{"path":"/home/travis/build/npmtest/node-npmtest-cordova-plugin-file/node_modules/cordova-plugin-file/www/Entry.js","s":{"1":2,"2":1,"3":0,"4":0,"5":0,"6":0,"7":0,"8":0,"9":0,"10":0,"11":0,"12":0,"13":0,"14":0,"15":0,"16":0,"17":0,"18":0,"19":0,"20":0,"21":0,"22":0,"23":0,"24":0,"25":0,"26":0,"27":0,"28":0,"29":0,"30":0,"31":0,"32":0,"33":0,"34":0,"35":0,"36":0,"37":0,"38":0,"39":0,"40":0,"41":0,"42":0,"43":0,"44":0,"45":0,"46":0,"47":0,"48":0,"49":0,"50":0,"51":0,"52":0,"53":0,"54":0,"55":0,"56":0,"57":0,"58":0,"59":0,"60":0,"61":0,"62":0,"63":0,"64":0,"65":0,"66":0,"67":0,"68":0,"69":0,"70":0,"71":0,"72":0,"73":0,"74":0,"75":0,"76":0},"b":{"1":[0,0],"2":[0,0],"3":[0,0],"4":[0,0],"5":[0,0],"6":[0,0],"7":[0,0],"8":[0,0],"9":[0,0],"10":[0,0],"11":[0,0,0],"12":[0,0],"13":[0,0],"14":[0,0],"15":[0,0],"16":[0,0],"17":[0,0],"18":[0,0],"19":[0,0,0],"20":[0,0],"21":[0,0],"22":[0,0],"23":[0,0],"24":[0,0],"25":[0,0],"26":[0,0],"27":[0,0],"28":[0,0],"29":[0,0]},"f":{"1":0,"2":0,"3":0,"4":0,"5":0,"6":0,"7":0,"8":0,"9":0,"10":0,"11":0,"12":0,"13":0,"14":0,"15":0,"16":0,"17":0,"18":0,"19":0,"20":0},"fnMap":{"1":{"name":"Entry","line":48,"loc":{"start":{"line":48,"column":0},"end":{"line":48,"column":75}}},"2":{"name":"(anonymous_2)","line":65,"loc":{"start":{"line":65,"column":30},"end":{"line":65,"column":71}}},"3":{"name":"(anonymous_3)","line":67,"loc":{"start":{"line":67,"column":37},"end":{"line":67,"column":61}}},"4":{"name":"(anonymous_4)","line":74,"loc":{"start":{"line":74,"column":32},"end":{"line":74,"column":47}}},"5":{"name":"(anonymous_5)","line":90,"loc":{"start":{"line":90,"column":30},"end":{"line":90,"column":87}}},"6":{"name":"(anonymous_6)","line":107,"loc":{"start":{"line":107,"column":25},"end":{"line":107,"column":83}}},"7":{"name":"(anonymous_7)","line":109,"loc":{"start":{"line":109,"column":32},"end":{"line":109,"column":47}}},"8":{"name":"(anonymous_8)","line":115,"loc":{"start":{"line":115,"column":18},"end":{"line":115,"column":34}}},"9":{"name":"(anonymous_9)","line":149,"loc":{"start":{"line":149,"column":25},"end":{"line":149,"column":83}}},"10":{"name":"(anonymous_10)","line":151,"loc":{"start":{"line":151,"column":32},"end":{"line":151,"column":47}}},"11":{"name":"(anonymous_11)","line":158,"loc":{"start":{"line":158,"column":18},"end":{"line":158,"column":34}}},"12":{"name":"(anonymous_12)","line":183,"loc":{"start":{"line":183,"column":32},"end":{"line":183,"column":43}}},"13":{"name":"(anonymous_13)","line":194,"loc":{"start":{"line":194,"column":24},"end":{"line":194,"column":35}}},"14":{"name":"(anonymous_14)","line":210,"loc":{"start":{"line":210,"column":30},"end":{"line":210,"column":41}}},"15":{"name":"(anonymous_15)","line":221,"loc":{"start":{"line":221,"column":24},"end":{"line":221,"column":43}}},"16":{"name":"(anonymous_16)","line":234,"loc":{"start":{"line":234,"column":25},"end":{"line":234,"column":66}}},"17":{"name":"(anonymous_17)","line":236,"loc":{"start":{"line":236,"column":32},"end":{"line":236,"column":47}}},"18":{"name":"(anonymous_18)","line":248,"loc":{"start":{"line":248,"column":28},"end":{"line":248,"column":69}}},"19":{"name":"(anonymous_19)","line":251,"loc":{"start":{"line":251,"column":33},"end":{"line":251,"column":50}}},"20":{"name":"(anonymous_20)","line":256,"loc":{"start":{"line":256,"column":32},"end":{"line":256,"column":47}}}},"statementMap":{"1":{"start":{"line":22,"column":0},"end":{"line":25,"column":37}},"2":{"start":{"line":48,"column":0},"end":{"line":55,"column":1}},"3":{"start":{"line":49,"column":4},"end":{"line":49,"column":27}},"4":{"start":{"line":50,"column":4},"end":{"line":50,"column":37}},"5":{"start":{"line":51,"column":4},"end":{"line":51,"column":27}},"6":{"start":{"line":52,"column":4},"end":{"line":52,"column":35}},"7":{"start":{"line":53,"column":4},"end":{"line":53,"column":41}},"8":{"start":{"line":54,"column":4},"end":{"line":54,"column":39}},"9":{"start":{"line":65,"column":0},"end":{"line":78,"column":2}},"10":{"start":{"line":66,"column":4},"end":{"line":66,"column":62}},"11":{"start":{"line":67,"column":4},"end":{"line":73,"column":6}},"12":{"start":{"line":68,"column":8},"end":{"line":71,"column":11}},"13":{"start":{"line":72,"column":8},"end":{"line":72,"column":34}},"14":{"start":{"line":74,"column":4},"end":{"line":76,"column":6}},"15":{"start":{"line":75,"column":8},"end":{"line":75,"column":43}},"16":{"start":{"line":77,"column":4},"end":{"line":77,"column":75}},"17":{"start":{"line":90,"column":0},"end":{"line":93,"column":2}},"18":{"start":{"line":91,"column":4},"end":{"line":91,"column":63}},"19":{"start":{"line":92,"column":4},"end":{"line":92,"column":104}},"20":{"start":{"line":107,"column":0},"end":{"line":135,"column":2}},"21":{"start":{"line":108,"column":4},"end":{"line":108,"column":59}},"22":{"start":{"line":109,"column":4},"end":{"line":111,"column":6}},"23":{"start":{"line":110,"column":8},"end":{"line":110,"column":43}},"24":{"start":{"line":112,"column":4},"end":{"line":131,"column":10}},"25":{"start":{"line":116,"column":12},"end":{"line":130,"column":13}},"26":{"start":{"line":117,"column":16},"end":{"line":123,"column":17}},"27":{"start":{"line":119,"column":20},"end":{"line":119,"column":104}},"28":{"start":{"line":120,"column":20},"end":{"line":120,"column":166}},"29":{"start":{"line":121,"column":20},"end":{"line":121,"column":236}},"30":{"start":{"line":122,"column":20},"end":{"line":122,"column":44}},"31":{"start":{"line":127,"column":16},"end":{"line":129,"column":17}},"32":{"start":{"line":128,"column":20},"end":{"line":128,"column":50}},"33":{"start":{"line":134,"column":4},"end":{"line":134,"column":82}},"34":{"start":{"line":149,"column":0},"end":{"line":178,"column":2}},"35":{"start":{"line":150,"column":4},"end":{"line":150,"column":59}},"36":{"start":{"line":151,"column":4},"end":{"line":153,"column":6}},"37":{"start":{"line":152,"column":8},"end":{"line":152,"column":43}},"38":{"start":{"line":154,"column":4},"end":{"line":174,"column":10}},"39":{"start":{"line":159,"column":12},"end":{"line":173,"column":13}},"40":{"start":{"line":160,"column":16},"end":{"line":166,"column":17}},"41":{"start":{"line":162,"column":20},"end":{"line":162,"column":104}},"42":{"start":{"line":163,"column":20},"end":{"line":163,"column":166}},"43":{"start":{"line":164,"column":20},"end":{"line":164,"column":236}},"44":{"start":{"line":165,"column":20},"end":{"line":165,"column":44}},"45":{"start":{"line":170,"column":16},"end":{"line":172,"column":17}},"46":{"start":{"line":171,"column":20},"end":{"line":171,"column":50}},"47":{"start":{"line":177,"column":4},"end":{"line":177,"column":82}},"48":{"start":{"line":183,"column":0},"end":{"line":187,"column":2}},"49":{"start":{"line":184,"column":4},"end":{"line":186,"column":5}},"50":{"start":{"line":185,"column":6},"end":{"line":185,"column":71}},"51":{"start":{"line":194,"column":0},"end":{"line":201,"column":2}},"52":{"start":{"line":195,"column":4},"end":{"line":197,"column":5}},"53":{"start":{"line":196,"column":6},"end":{"line":196,"column":28}},"54":{"start":{"line":200,"column":4},"end":{"line":200,"column":70}},"55":{"start":{"line":210,"column":0},"end":{"line":213,"column":2}},"56":{"start":{"line":211,"column":4},"end":{"line":211,"column":63}},"57":{"start":{"line":212,"column":4},"end":{"line":212,"column":24}},"58":{"start":{"line":221,"column":0},"end":{"line":224,"column":2}},"59":{"start":{"line":222,"column":4},"end":{"line":222,"column":63}},"60":{"start":{"line":223,"column":4},"end":{"line":223,"column":24}},"61":{"start":{"line":234,"column":0},"end":{"line":240,"column":2}},"62":{"start":{"line":235,"column":4},"end":{"line":235,"column":57}},"63":{"start":{"line":236,"column":4},"end":{"line":238,"column":6}},"64":{"start":{"line":237,"column":8},"end":{"line":237,"column":43}},"65":{"start":{"line":239,"column":4},"end":{"line":239,"column":74}},"66":{"start":{"line":248,"column":0},"end":{"line":260,"column":2}},"67":{"start":{"line":249,"column":4},"end":{"line":249,"column":60}},"68":{"start":{"line":250,"column":4},"end":{"line":250,"column":29}},"69":{"start":{"line":251,"column":4},"end":{"line":255,"column":6}},"70":{"start":{"line":252,"column":8},"end":{"line":252,"column":57}},"71":{"start":{"line":253,"column":8},"end":{"line":253,"column":91}},"72":{"start":{"line":254,"column":8},"end":{"line":254,"column":31}},"73":{"start":{"line":256,"column":4},"end":{"line":258,"column":6}},"74":{"start":{"line":257,"column":8},"end":{"line":257,"column":43}},"75":{"start":{"line":259,"column":4},"end":{"line":259,"column":65}},"76":{"start":{"line":262,"column":0},"end":{"line":262,"column":23}}},"branchMap":{"1":{"line":51,"type":"binary-expr","locations":[{"start":{"line":51,"column":16},"end":{"line":51,"column":20}},{"start":{"line":51,"column":24},"end":{"line":51,"column":26}}]},"2":{"line":52,"type":"binary-expr","locations":[{"start":{"line":52,"column":20},"end":{"line":52,"column":28}},{"start":{"line":52,"column":32},"end":{"line":52,"column":34}}]},"3":{"line":53,"type":"binary-expr","locations":[{"start":{"line":53,"column":22},"end":{"line":53,"column":32}},{"start":{"line":53,"column":36},"end":{"line":53,"column":40}}]},"4":{"line":54,"type":"binary-expr","locations":[{"start":{"line":54,"column":21},"end":{"line":54,"column":30}},{"start":{"line":54,"column":34},"end":{"line":54,"column":38}}]},"5":{"line":67,"type":"binary-expr","locations":[{"start":{"line":67,"column":18},"end":{"line":67,"column":33}},{"start":{"line":67,"column":37},"end":{"line":73,"column":5}}]},"6":{"line":74,"type":"binary-expr","locations":[{"start":{"line":74,"column":15},"end":{"line":74,"column":28}},{"start":{"line":74,"column":32},"end":{"line":76,"column":5}}]},"7":{"line":109,"type":"binary-expr","locations":[{"start":{"line":109,"column":15},"end":{"line":109,"column":28}},{"start":{"line":109,"column":32},"end":{"line":111,"column":5}}]},"8":{"line":114,"type":"binary-expr","locations":[{"start":{"line":114,"column":15},"end":{"line":114,"column":22}},{"start":{"line":114,"column":26},"end":{"line":114,"column":35}}]},"9":{"line":116,"type":"if","locations":[{"start":{"line":116,"column":12},"end":{"line":116,"column":12}},{"start":{"line":116,"column":12},"end":{"line":116,"column":12}}]},"10":{"line":117,"type":"if","locations":[{"start":{"line":117,"column":16},"end":{"line":117,"column":16}},{"start":{"line":117,"column":16},"end":{"line":117,"column":16}}]},"11":{"line":119,"type":"binary-expr","locations":[{"start":{"line":119,"column":36},"end":{"line":119,"column":56}},{"start":{"line":119,"column":61},"end":{"line":119,"column":77}},{"start":{"line":119,"column":81},"end":{"line":119,"column":102}}]},"12":{"line":120,"type":"cond-expr","locations":[{"start":{"line":120,"column":41},"end":{"line":120,"column":95}},{"start":{"line":120,"column":98},"end":{"line":120,"column":165}}]},"13":{"line":121,"type":"cond-expr","locations":[{"start":{"line":121,"column":55},"end":{"line":121,"column":137}},{"start":{"line":121,"column":140},"end":{"line":121,"column":235}}]},"14":{"line":127,"type":"if","locations":[{"start":{"line":127,"column":16},"end":{"line":127,"column":16}},{"start":{"line":127,"column":16},"end":{"line":127,"column":16}}]},"15":{"line":151,"type":"binary-expr","locations":[{"start":{"line":151,"column":15},"end":{"line":151,"column":28}},{"start":{"line":151,"column":32},"end":{"line":153,"column":5}}]},"16":{"line":156,"type":"binary-expr","locations":[{"start":{"line":156,"column":15},"end":{"line":156,"column":22}},{"start":{"line":156,"column":26},"end":{"line":156,"column":35}}]},"17":{"line":159,"type":"if","locations":[{"start
[...]
/build/npmtest/node-npmtest-cordova-plugin-file/node_modules/cordova-plugin-file/www/ubuntu/fileSystems-roots.js","s":{"1":2,"2":2,"3":2,"4":0,"5":0,"6":0,"7":0,"8":0,"9":0,"10":0,"11":0,"12":0,"13":0,"14":0,"15":0,"16":0,"17":0,"18":0,"19":0,"20":0},"b":{"1":[0,0],"2":[0,0],"3":[0,0]},"f":{"1":0,"2":0,"3":0,"4":0,"5":0},"fnMap":{"1":{"name":"(anonymous_1)","line":27,"loc":{"start":{"line":27,"column":24},"end":{"line":27,"column":62}}},"2":{"name":"(anonymous_2)","line":28,"loc":{"start":{"line":28,"column":18},"end":{"line":28,"column":40}}},"3":{"name":"(anonymous_3)","line":39,"loc":{"start":{"line":39,"column":33},"end":{"line":39,"column":58}}},"4":{"name":"(anonymous_4)","line":43,"loc":{"start":{"line":43,"column":57},"end":{"line":43,"column":70}}},"5":{"name":"(anonymous_5)","line":44,"loc":{"start":{"line":44,"column":60},"end":{"line":44,"column":74}}}},"statementMap":{"1":{"start":{"line":22,"column":0},"end":{"line":22,"column":17}},"2":{"start":{"line":23,"column":0},"end":{"line":23,"column":41}},"3":{"start":{"line":24,"column":0},"end":{"line":24,"column":51}},"4":{"start":{"line":25,"column":0},"end":{"line":25,"column":35}},"5":{"start":{"line":27,"column":0},"end":{"line":37,"column":2}},"6":{"start":{"line":28,"column":4},"end":{"line":35,"column":6}},"7":{"start":{"line":29,"column":8},"end":{"line":34,"column":9}},"8":{"start":{"line":30,"column":12},"end":{"line":33,"column":13}},"9":{"start":{"line":31,"column":16},"end":{"line":31,"column":76}},"10":{"start":{"line":32,"column":16},"end":{"line":32,"column":36}},"11":{"start":{"line":36,"column":4},"end":{"line":36,"column":67}},"12":{"start":{"line":39,"column":0},"end":{"line":52,"column":2}},"13":{"start":{"line":40,"column":4},"end":{"line":51,"column":5}},"14":{"start":{"line":41,"column":8},"end":{"line":41,"column":30}},"15":{"start":{"line":43,"column":8},"end":{"line":50,"column":11}},"16":{"start":{"line":44,"column":12},"end":{"line":49,"column":15}},"17":{"start":{"line":45,"column":16},"end":{"line":45,"column":27}},"18":{"start":{"line":46,"column":16},"end":{"line":46,"column":38}},"19":{"start":{"line":47,"column":16},"end":{"line":47,"column":36}},"20":{"start":{"line":48,"column":16},"end":{"line":48,"column":38}}},"branchMap":{"1":{"line":29,"type":"if","locations":[{"start":{"line":29,"column":8},"end":{"line":29,"column":8}},{"start":{"line":29,"column":8},"end":{"line":29,"column":8}}]},"2":{"line":30,"type":"if","locations":[{"start":{"line":30,"column":12},"end":{"line":30,"column":12}},{"start":{"line":30,"column":12},"end":{"line":30,"column":12}}]},"3":{"line":40,"type":"if","locations":[{"start":{"line":40,"column":4},"end":{"line":40,"column":4}},{"start":{"line":40,"column":4},"end":{"line":40,"column":4}}]}},"code":["/*"," *"," * Licensed to the Apache Software Foundation (ASF) under one"," * or more contributor license agreements.  See the NOTICE file"," * distributed with this work for additional information"," * regarding copyright ownership.  The ASF licenses this file"," * to you under the Apache License, Version 2.0 (the"," * \"License\"); you may not use this file except in compliance"," * with the License.  You may obtain a copy of the License at"," *"," *   http://www.apache.org/licenses/LICENSE-2.0"," *"," * Unless required by applicable law or agreed to in writing,"," * software distributed under the License is distributed on an"," * \"AS IS\" BASIS, WITHOUT WARRANTIES OR CONDITIONS OF ANY"," * KIND, either express or implied.  See the License for the"," * specific language governing permissions and limitations"," * under the License."," *","*/","","var fsMap = null;","var FileSystem = require('./FileSystem');","var LocalFileSystem = require('./LocalFileSystem');","var exec = require('cordova/exec');","","var requestFileSystem = function(type, size, successCallback) {","    var success = function(file_system) {","        if (file_system) {","            if (successCallback) {","                var fs = new FileSystem(file_system.name, file_system.root);","                successCallback(fs);","            }","        }","    };","    exec(success, null, \"File\", \"requestFileSystem\", [type, size]);","};","","require('./fileSystems').getFs = function(name, callback) {","    if (fsMap) {","        callback(fsMap[name]);","    } else {","        requestFileSystem(LocalFileSystem.PERSISTENT, 1, function(fs) {","            requestFileSystem(LocalFileSystem.TEMPORARY, 1, function(tmp) {","                fsMap = {};","                fsMap[tmp.name] = tmp;","                fsMap[fs.name] = fs;","                callback(fsMap[name]);","            });","        });","    }","};","",""],"l":{"22":2,"23":2,"24":2,"25":0,"27":0,"28":0,"29":0,"30":0,"31":0,"32":0,"36":0,"39":0,"40":0,"41":0,"43":0,"44":0,"45":0,"46":0,"47":0,"48":0}},"/home/travis/build/npmtest/node-npmtest-cordova-plugin-file/node_modules/cordova-plugin-file/www/ubuntu/FileSystem.js":{"path":"/home/travis/build/npmtest/node-npmtest-cordova-plugin-file/node_modules/cordova-plugin-file/www/ubuntu/FileSystem.js","s":{"1":1,"2":1,"3":0,"4":0,"5":0,"6":0},"b":{"1":[0,0],"2":[0,0]},"f":{"1":0},"fnMap":{"1":{"name":"(anonymous_1)","line":25,"loc":{"start":{"line":25,"column":16},"end":{"line":25,"column":35}}}},"statementMap":{"1":{"start":{"line":22,"column":0},"end":{"line":22,"column":32}},"2":{"start":{"line":24,"column":0},"end":{"line":33,"column":2}},"3":{"start":{"line":26,"column":8},"end":{"line":28,"column":9}},"4":{"start":{"line":27,"column":12},"end":{"line":27,"column":42}},"5":{"start":{"line":29,"column":8},"end":{"line":29,"column":127}},"6":{"start":{"line":31,"column":8},"end":{"line":31,"column":59}}},"branchMap":{"1":{"line":26,"type":"if","locations":[{"start":{"line":26,"column":8},"end":{"line":26,"column":8}},{"start":{"line":26,"column":8},"end":{"line":26,"column":8}}]},"2":{"line":29,"type":"cond-expr","locations":[{"start":{"line":29,"column":61},"end":{"line":29,"column":63}},{"start":{"line":29,"column":66},"end":{"line":29,"column":69}}]}},"code":["/*"," *"," * Licensed to the Apache Software Foundation (ASF) under one"," * or more contributor license agreements.  See the NOTICE file"," * distributed with this work for additional information"," * regarding copyright ownership.  The ASF licenses this file"," * to you under the Apache License, Version 2.0 (the"," * \"License\"); you may not use this file except in compliance"," * with the License.  You may obtain a copy of the License at"," *"," *   http://www.apache.org/licenses/LICENSE-2.0"," *"," * Unless required by applicable law or agreed to in writing,"," * software distributed under the License is distributed on an"," * \"AS IS\" BASIS, WITHOUT WARRANTIES OR CONDITIONS OF ANY"," * KIND, either express or implied.  See the License for the"," * specific language governing permissions and limitations"," * under the License."," *","*/","","FILESYSTEM_PROTOCOL = \"cdvfile\";","","module.exports = {","    __format__: function(fullPath) {","        if (this.name === 'content') {","            return 'content:/' + fullPath;","        }","        var path = ('/' + this.name + (fullPath[0] === '/' ? '' : '/') + FileSystem.encodeURIPath(fullPath)).replace('//','/');","","        return FILESYSTEM_PROTOCOL + '://localhost' + path;","    }","};","",""],"l":{"22":1,"24":1,"26":0,"27":0,"29":0,"31":0}},"/home/travis/build/npmtest/node-npmtest-cordova-plugin-file/node_modules/cordova-plugin-file/www/ubuntu/FileWriter.js":{"path":"/home/travis/build/npmtest/node-npmtest-cordova-plugin-file/node_modules/cordova-plugin-file/www/ubuntu/FileWriter.js","s":{"1":2,"2":1,"3":0,"4":0,"5":0,"6":0,"7":0,"8":0,"9":0,"10":0,"11":0,"12":0,"13":0,"14":0,"15":0,"16":0,"17":0,"18":0,"19":0,"20":0,"21":0,"22":0,"23":0,"24":0,"25":0,"26":0,"27":0,"28":0,"29":0,"30":0,"31":0,"32":0,"33":0,"34":0,"35":0,"36":0,"37":0,"38":0,"39":0,"40":0,"41":0,"42":0,"43":0,"44":0,"45":0,"46":0,"47":0,"48":0,"49":0,"50":0},"b":{"1":[0,0],"2":[0,0],"3":[0,0,0],"4":[0,0],"5":[0,0],"6":[0,0],"7":[0,0],"8":[0,0],"9":[0,0],"10":[0,0],"11":[0,0],"12":[0,0],"13":[0,0],"14":[0,0],"15":[0,0],"16":[0,0]},"f":{"1":0,"2":0,"3":0,"4":0},"fnMap":{"1":{"name":"write","line":26,"loc":{"start":{"line":26,"column":0},"end":{"line":26,"column":21}}},"2":{"name":"(anonymous_2)","line":34,"loc":{"start":{"line":34,"column":28},"end":{"line":34,"column":39}}},"3":{"name":"(anonymous_3)","line":81,"loc":{"start":{"line":81,"column":8},"end":{"line":81,"column":20}}},"4":{"name":"(anonymous_4)","line":107,"loc":{"start":{"line":107,"column":8},"end":{"line":107,"column":20}}}},"statementMap":{"1":{"start":{"line":22,"column":0},"end":{"line":24,"column":47}},"2":{"start":{"line":26,"column":0},"end":{"line":129,"column":1}},"3":{"start":{"line":27,"column":4},"end":{"line":27,"column":18}},"4":{"start":{"line":28,"column":4},"end":{"line":28,"column":107}},"5":{"start":{"line":29,"column":4},"end":{"line":29,"column":17}},"6":{"start":{"line":32,"column":4},"end":{"line":44,"column":5}},"7":{"start":{"line":33,"column":8},"end":{"line":33,"column":42}},"8":{"start":{"line":34,"column":8},"end":{"line":37,"column":10}},"9":{"start":{"line":36,"column":12},"end":{"line":36,"column":63}},"10":{"start":{"line":38,"column":8},"end":{"line":42,"column":9}},"11":{"start":{"line":39,"column":12},"end":{"line":39,"column":47}},"12":{"start":{"line":41,"column":12},"end":{"line":41,"column":40}},"13":{"start":{"line":43,"column":8},"end":{"line":43,"column":15}},"14":{"start":{"line":47,"column":4},"end":{"line":47,"column":63}},"15":{"start":{"line":50,"column":4},"end":{"line":52,"column":5}},"16":{"start":{"line":51,"column":8},"end":{"line":51,"column":57}},"17":{"start":{"line":55,"column":4},"end":{"line":55,"column":41}},"18":{"start":{"line":57,"column":4},"end":{"line":57,"column":18}},"19":{"start":{"line":60,"column":4},"end":{"line":62,"column":5}},"20":{"start":{"line":61,"column":8},"end":{"line":61,"column":72}},"21":{"start":{"line":64,"column":4},"end":{"line":71,"column":5}},"22":{"start":{"line":65,"column":8},"end":{"line":65,"column":36}},"23":{"start":{"line":66,"column":4},"end":{"line":66,"column":20}},"24":{"start":{"line":67,"column":4},"end":{"line":69,"column":5}},"25":{"start":{"line":68,"column":12},"end":{"line":68,"column":51}},"26":{"start":{"line":70,"column":8},"end":{"line":70,"column":22}},"27":{"start":{"line":73,"column":4},"end":{"line":73,"column":36}},"28":{"start":{"line":74,"column":4},"end":{"line":74,"column":29}},"29":{"start":{"line":75,"column":4},"end":{"line":77,"column":5}},"30":{"start":{"line":76,"column":8},"end":{"line":76,"column":42}},"31":{"start":{"line":79,"column":4},"end":{"line":128,"column":67}},"32":{"start":{"line":83,"column":12},"end":{"line":85,"column":13}},"33":{"start":{"line":84,"column":16},"end":{"line":84,"column":23}},"34":{"start":{"line":88,"column":12},"end":{"line":88,"column":29}},"35":{"start":{"line":91,"column":12},"end":{"line":91,"column":36}},"36":{"start":{"line":94,"column":12},"end":{"line":94,"column":44}},"37":{"start":{"line":97,"column":12},"end":{"line":99,"column":13}},"38":{"start":{"line":98,"column":16},"end":{"line":98,"column":70}},"39":{"start":{"line":102,"column":12},"end":{"line":104,"column":13}},"40":{"start":{"line":103,"column":16},"end":{"line":103,"column":76}},"41":{"start":{"line":109,"column":12},"end":{"line":111,"column":13}},"42":{"start":{"line":110,"column":16},"end":{"line":110,"column":23}},"43":{"start":{"line":114,"column":12},"end":{"line":114,"column":44}},"44":{"start":{"line":117,"column":12},"end":{"line":117,"column":40}},"45":{"start":{"line":120,"column":12},"end":{"line":122,"column":13}},"46":{"start":{"line":121,"column":16},"end":{"line":121,"column":70}},"47":{"start":{"line":125,"column":12},"end":{"line":127,"column":13}},"48":{"start":{"line":126,"column":16},"end":{"line":126,"column":76}},"49":{"start":{"line":131,"column":0},"end":{"line":133,"column":2}},"50":{"start":{"line":135,"column":0},"end":{"line":135,"column":64}}},"branchMap":{"1":{"line":28,"type":"binary-expr","locations":[{"start":{"line":28,"column":26},"end":{"line":28,"column":60}},{"start":{"line":28,"column":64},"end":{"line":28,"column":105}}]},"2":{"line":32,"type":"if","locations":[{"start":{"line":32,"column":4},"end":{"line":32,"column":4}},{"start":{"line":32,"column":4},"end":{"line":32,"column":4}}]},"3":{"line":32,"type":"binary-expr","locations":[{"start":{"line":32,"column":8},"end":{"line":32,"column":28}},{"start":{"line":32,"column":33},"end":{"line":32,"column":47}},{"start":{"line":32,"column":51},"end":{"line":32,"column":71}}]},"4":{"line":38,"type":"if","locations":[{"start":{"line":38,"column":8},"end":{"line":38,"column":8}},{"start":{"line":38,"column":8},"end":{"line":38,"column":8}}]},"5":{"line":47,"type":"binary-expr","locations":[{"start":{"line":47,"column":15},"end":{"line":47,"column":29}},{"start":{"line":47,"column":34},"end":{"line":47,"column":61}}]},"6":{"line":50,"type":"if","locations":[{"start":{"line":50,"column":4},"end":{"line":50,"column":4}},{"start":{"line":50,"column":4},"end":{"line":50,"column":4}}]},"7":{"line":60,"type":"if","locations":[{"start":{"line":60,"column":4},"end":{"line":60,"column":4}},{"start":{"line":60,"column":4},"end":{"line":60,"column":4}}]},"8":{"line":64,"type":"if","locations":[{"start":{"line":64,"column":4},"end":{"line":64,"column":4}},{"start":{"line":64,"column":4},"end":{"line":64,"column":4}}]},"9":{"line":64,"type":"binary-expr","locations":[{"start":{"line":64,"column":8},"end":{"line":64,"column":35}},{"start":{"line":64,"column":39},"end":{"line":64,"column":73}}]},"10":{"line":75,"type":"if","locations":[{"start":{"line":75,"column":4},"end":{"line":75,"column":4}},{"start":{"line":75,"column":4},"end":{"line":75,"column":4}}]},"11":{"line":83,"type":"if","locations":[{"start":{"line":83,"column":12},"end":{"line":83,"column":12}},{"start":{"line":83,"column":12},"end":{"line":83,"column":12}}]},"12":{"line":97,"type":"if","locations":[{"start":{"line":97,"column":12},"end":{"line":97,"column":12}},{"start":{"line":97,"column":12},"end":{"line":97,"column":12}}]},"13":{"line":102,"type":"if","locations":[{"start":{"line":102,"column":12},"end":{"line":102,"column":12}},{"start":{"line":102,"column":12},"end":{"line":102,"column":12}}]},"14":{"line":109,"type":"if","locations":[{"start":{"line":109,"column":12},"end":{"line":109,"column":12}},{"start":{"line":109,"column":12},"end":{"line":109,"column":12}}]},"15":{"line":120,"type":"if","locations":[{"start":{"line":120,"column":12},"end":{"line":120,"column":12}},{"start":{"line":120,"column":12},"end":{"line":120,"column":12}}]},"16":{"line":125,"type":"if","locations":[{"start":{"line":125,"column":12},"end":{"line":125,"column":12}},{"start":{"line":125,"column":12},"end":{"line":125,"column":12}}]}},"code":["/*"," *"," * Licensed to the Apache Software Foundation (ASF) under one"," * or more contributor license agreements.  See the NOTICE file"," * distributed with this work for additional information"," * regarding copyright ownership.  The ASF licenses this file"," * to you under the Apache License, Version 2.0 (the"," * \"License\"); you may not use this file except in compliance"," * with the License.  You may obtain a copy of the License at"," *"," *   http://www.apache.org/licenses/LICENSE-2.0"," *"," * Unless required by applicable law or agreed to in writing,"," * software distributed under the License is distributed on an"," * \"AS IS\" BASIS, WITHOUT WARRANTIES OR CONDITIONS OF ANY"," * KIND, either express or implied.  See the License for the"," * specific language governing permissions and limitations"," * under the License."," *","*/","","var exec = require('cordova/exec'),","    FileError = require('./FileError'),","    ProgressEvent = require('./ProgressEvent');","","function write(data) {","    var that=this;","    var supportsBinary = (typeof window.Blob !== 'undefined' && typeof window.ArrayBuffer !== 'undefined');","    var isBinary;","","    // Check to see if the incoming data is a blob","    if (data instanceof File || (supportsBinary && data instanceof Blob)) {","        var fileReader = new FileReader();","        fileReader.onload = function() {","            // Call this method again, with the arraybuffer as argument","            FileWriter.prototype.write.call(that, this.result);","        };","        if (supportsBinary) {","            fileReader.readAsArrayBuffer(data);","        } else {","            fileReader.readAsText(data);","        }","        return;","    }","","    // Mark data type for safer transport over the binary bridge","    isBinary = supportsBinary && (data instanceof ArrayBuffer);","","    // Throw an exception if we are already writing a file","    if (this.readyState === FileWriter.WRITING) {","        throw new FileError(FileError.INVALID_STATE_ERR);","    }","","    // WRITING state","    this.readyState = FileWriter.WRITING;","","    var me = this;","","    // If onwritestart callback","    if (typeof me.onwritestart === \"function\") {","        me.onwritestart(new ProgressEvent(\"writestart\", {\"target\":me}));","    }","","    if (data instanceof ArrayBuffer || data.buffer instanceof ArrayBuffer) {","        data = new Uint8Array(data);","    var binary = \"\";","    for (var i = 0; i < data.byteLength; i++) {","            binary += String.fromCharCode(data[i]);","    }","        data = binary;","    }","","    var prefix = \"file://localhost\";","    var path = this.localURL;","    if (path.substr(0, prefix.length) == prefix) {","        path = path.substr(prefix.length);","    }","    // Write file","    exec(","        // Success callback","        function(r) {","            // If DONE (cancelled), then don't do anything","            if (me.readyState === FileWriter.DONE) {","                return;","            }","","            // position always increases by bytes written because file would be extended","            me.position += r;","            // The length of the file is now where we are done writing.","","            me.length = me.position;","","            // DONE state","            me.readyState = FileWriter.DONE;","","            // If onwrite callback","            if (typeof me.onwrite === \"function\") {","                me.onwrite(new ProgressEvent(\"write\", {\"target\":me}));","            }","","            // If onwriteend callback","            if (typeof me.onwriteend === \"function\") {","                me.onwriteend(new ProgressEvent(\"writeend\", {\"target\":me}));","            }","        },","        // Error callback","        function(e) {","            // If DONE (cancelled), then don't do anything","            if (me.readyState === FileWriter.DONE) {","                return;","            }","","            // DONE state","            me.readyState = FileWriter.DONE;","","            // Save error","            me.error = new FileError(e);","","            // If onerror callback","            if (typeof me.onerror === \"function\") {","                me.onerror(new ProgressEvent(\"error\", {\"target\":me}));","            }","","            // If onwriteend callback","            if (typeof me.onwriteend === \"function\") {","                me.onwriteend(new ProgressEvent(\"writeend\", {\"target\":me}));","            }","        }, \"File\", \"write\", [path, data, this.position, isBinary]);","}","","module.exports = {","    write: write","};","","require(\"cordova/exec/proxy\").add(\"FileWriter\", module.exports);",""],"l":{"22":2,"26":1,"27":0,"28":0,"29":0,"32":0,"33":0,"34":0,"36":0,"38":0,"39":0,"41":0,"43":0,"47":0,"50":0,"51":0,"55":0,"57":0,"60":0,"61":0,"64":0,"65":0,"66":0,"67":0,"68":0,"70":0,"73":0,"74":0,"75":0,"76":0,"79":0,"83":0,"84":0,"88":0,"91":0,"94":0,"97":0,"98":0,"102":0,"103":0,"109":0,"110":0,"114":0,"117":0,"120":0,"121":0,"125":0,"126":0,"131":0,"135":0}}}